
*** Running vivado
    with args -log AXI_SevenSegmentDriver_0.vds -m64 -mode batch -messageDb vivado.pb -notrace -source AXI_SevenSegmentDriver_0.tcl


****** Vivado v2015.4 (64-bit)
  **** SW Build 1412921 on Wed Nov 18 09:43:45 MST 2015
  **** IP Build 1412160 on Tue Nov 17 13:47:24 MST 2015
    ** Copyright 1986-2015 Xilinx, Inc. All Rights Reserved.

source AXI_SevenSegmentDriver_0.tcl -notrace
WARNING: [Board 49-26] cannot add Board Part digilentinc.com:arty-s7-25:part0:1.0 available at C:/Software/Xilinx/Vivado/2015.4/data/boards/board_files/arty-s7-25/E.0/board.xml as part xc7s25csga324-1 specified in board_part file is either invalid or not available
WARNING: [Board 49-26] cannot add Board Part digilentinc.com:arty-s7-50:part0:1.0 available at C:/Software/Xilinx/Vivado/2015.4/data/boards/board_files/arty-s7-50/B.0/board.xml as part xc7s50csga324-1 specified in board_part file is either invalid or not available
WARNING: [Board 49-26] cannot add Board Part digilentinc.com:genesys2:part0:1.1 available at C:/Software/Xilinx/Vivado/2015.4/data/boards/board_files/genesys2/H/board.xml as part xc7k325tffg900-2 specified in board_part file is either invalid or not available
INFO: [IP_Flow 19-234] Refreshing IP repositories
INFO: [IP_Flow 19-1700] Loaded user IP repository 'c:/Users/labuser/Desktop/Lab3/ip_repo/AXI_SevenSegmentDriver_1.0'.
INFO: [IP_Flow 19-2313] Loaded Vivado IP repository 'C:/Software/Xilinx/Vivado/2015.4/data/ip'.
WARNING: [IP_Flow 19-3664] IP 'AXI_SevenSegmentDriver_0' generated file not found 'c:/Users/labuser/Desktop/Lab3/ip_repo/AXI_SevenSegmentDriver_1.0/src/AXI_SevenSegmentDriver_0/AXI_SevenSegmentDriver_0.dcp'. Please regenerate to continue.
WARNING: [IP_Flow 19-3664] IP 'AXI_SevenSegmentDriver_0' generated file not found 'c:/Users/labuser/Desktop/Lab3/ip_repo/AXI_SevenSegmentDriver_1.0/src/AXI_SevenSegmentDriver_0/AXI_SevenSegmentDriver_0_stub.v'. Please regenerate to continue.
WARNING: [IP_Flow 19-3664] IP 'AXI_SevenSegmentDriver_0' generated file not found 'c:/Users/labuser/Desktop/Lab3/ip_repo/AXI_SevenSegmentDriver_1.0/src/AXI_SevenSegmentDriver_0/AXI_SevenSegmentDriver_0_stub.vhdl'. Please regenerate to continue.
WARNING: [IP_Flow 19-3664] IP 'AXI_SevenSegmentDriver_0' generated file not found 'c:/Users/labuser/Desktop/Lab3/ip_repo/AXI_SevenSegmentDriver_1.0/src/AXI_SevenSegmentDriver_0/AXI_SevenSegmentDriver_0_sim_netlist.v'. Please regenerate to continue.
WARNING: [IP_Flow 19-3664] IP 'AXI_SevenSegmentDriver_0' generated file not found 'c:/Users/labuser/Desktop/Lab3/ip_repo/AXI_SevenSegmentDriver_1.0/src/AXI_SevenSegmentDriver_0/AXI_SevenSegmentDriver_0_sim_netlist.vhdl'. Please regenerate to continue.
Command: synth_design -top AXI_SevenSegmentDriver_0 -part xc7a35tcpg236-1 -mode out_of_context
Starting synth_design
Attempting to get a license for feature 'Synthesis' and/or device 'xc7a35t'
INFO: [Common 17-349] Got license for feature 'Synthesis' and/or device 'xc7a35t'
---------------------------------------------------------------------------------
Starting RTL Elaboration : Time (s): cpu = 00:00:05 ; elapsed = 00:00:06 . Memory (MB): peak = 288.297 ; gain = 116.992
---------------------------------------------------------------------------------
INFO: [Synth 8-638] synthesizing module 'AXI_SevenSegmentDriver_0' [c:/Users/labuser/Desktop/Lab3/ip_repo/AXI_SevenSegmentDriver_1.0/src/AXI_SevenSegmentDriver_0/synth/AXI_SevenSegmentDriver_0.v:56]
INFO: [Synth 8-638] synthesizing module 'AXI_SevenSegmentDriver_v1_0' [c:/Users/labuser/Desktop/Lab3/ip_repo/AXI_SevenSegmentDriver_1.0/src/AXI_SevenSegmentDriver_0/hdl/AXI_SevenSegmentDriver_v1_0.v:4]
	Parameter C_S00_AXI_DATA_WIDTH bound to: 32 - type: integer 
	Parameter C_S00_AXI_ADDR_WIDTH bound to: 4 - type: integer 
INFO: [Synth 8-638] synthesizing module 'AXI_SevenSegmentDriver_v1_0_S00_AXI' [c:/Users/labuser/Desktop/Lab3/ip_repo/AXI_SevenSegmentDriver_1.0/src/AXI_SevenSegmentDriver_0/hdl/AXI_SevenSegmentDriver_v1_0_S00_AXI.v:4]
	Parameter C_S_AXI_DATA_WIDTH bound to: 32 - type: integer 
	Parameter C_S_AXI_ADDR_WIDTH bound to: 4 - type: integer 
	Parameter ADDR_LSB bound to: 2 - type: integer 
	Parameter OPT_MEM_ADDR_BITS bound to: 1 - type: integer 
INFO: [Synth 8-226] default block is never used [c:/Users/labuser/Desktop/Lab3/ip_repo/AXI_SevenSegmentDriver_1.0/src/AXI_SevenSegmentDriver_0/hdl/AXI_SevenSegmentDriver_v1_0_S00_AXI.v:225]
INFO: [Synth 8-226] default block is never used [c:/Users/labuser/Desktop/Lab3/ip_repo/AXI_SevenSegmentDriver_1.0/src/AXI_SevenSegmentDriver_0/hdl/AXI_SevenSegmentDriver_v1_0_S00_AXI.v:366]
ERROR: [Synth 8-439] module 'SevenSegmentDriver_0' not found [c:/Users/labuser/Desktop/Lab3/ip_repo/AXI_SevenSegmentDriver_1.0/src/AXI_SevenSegmentDriver_0/hdl/AXI_SevenSegmentDriver_v1_0_S00_AXI.v:395]
ERROR: [Synth 8-285] failed synthesizing module 'AXI_SevenSegmentDriver_v1_0_S00_AXI' [c:/Users/labuser/Desktop/Lab3/ip_repo/AXI_SevenSegmentDriver_1.0/src/AXI_SevenSegmentDriver_0/hdl/AXI_SevenSegmentDriver_v1_0_S00_AXI.v:4]
ERROR: [Synth 8-285] failed synthesizing module 'AXI_SevenSegmentDriver_v1_0' [c:/Users/labuser/Desktop/Lab3/ip_repo/AXI_SevenSegmentDriver_1.0/src/AXI_SevenSegmentDriver_0/hdl/AXI_SevenSegmentDriver_v1_0.v:4]
ERROR: [Synth 8-285] failed synthesizing module 'AXI_SevenSegmentDriver_0' [c:/Users/labuser/Desktop/Lab3/ip_repo/AXI_SevenSegmentDriver_1.0/src/AXI_SevenSegmentDriver_0/synth/AXI_SevenSegmentDriver_0.v:56]
---------------------------------------------------------------------------------
Finished RTL Elaboration : Time (s): cpu = 00:00:06 ; elapsed = 00:00:07 . Memory (MB): peak = 325.449 ; gain = 154.145
---------------------------------------------------------------------------------
RTL Elaboration failed
INFO: [Common 17-83] Releasing license: Synthesis
10 Infos, 8 Warnings, 0 Critical Warnings and 5 Errors encountered.
synth_design failed
ERROR: [Common 17-69] Command failed: Synthesis failed - please see the console or run log file for details
INFO: [Common 17-206] Exiting Vivado at Fri Feb 23 15:33:57 2018...
