Analysis & Synthesis report for VGA
Thu Nov 08 00:58:35 2018
Quartus Prime Version 18.0.0 Build 614 04/24/2018 SJ Lite Edition


---------------------
; Table of Contents ;
---------------------
  1. Legal Notice
  2. Analysis & Synthesis Summary
  3. Analysis & Synthesis Settings
  4. Analysis & Synthesis Source Files Read
  5. Analysis & Synthesis Resource Usage Summary
  6. Analysis & Synthesis Resource Utilization by Entity
  7. Analysis & Synthesis IP Cores Summary
  8. State Machine - |VGA|sync:sync1|pvs
  9. State Machine - |VGA|sync:sync1|phs
 10. State Machine - |VGA|sync:sync1|PS
 11. User-Specified and Inferred Latches
 12. General Register Statistics
 13. Multiplexer Restructuring Statistics (Restructuring Performed)
 14. Parameter Settings for User Entity Instance: PLL_VGA:VGAPLL|altpll:altpll_component
 15. altpll Parameter Settings by Entity Instance
 16. Post-Synthesis Netlist Statistics for Top Partition
 17. Elapsed Time Per Partition
 18. Analysis & Synthesis Messages



----------------
; Legal Notice ;
----------------
Copyright (C) 2018  Intel Corporation. All rights reserved.
Your use of Intel Corporation's design tools, logic functions 
and other software and tools, and its AMPP partner logic 
functions, and any output files from any of the foregoing 
(including device programming or simulation files), and any 
associated documentation or information are expressly subject 
to the terms and conditions of the Intel Program License 
Subscription Agreement, the Intel Quartus Prime License Agreement,
the Intel FPGA IP License Agreement, or other applicable license
agreement, including, without limitation, that your use is for
the sole purpose of programming logic devices manufactured by
Intel and sold by Intel or its authorized distributors.  Please
refer to the applicable agreement for further details.



+----------------------------------------------------------------------------------+
; Analysis & Synthesis Summary                                                     ;
+------------------------------------+---------------------------------------------+
; Analysis & Synthesis Status        ; Successful - Thu Nov 08 00:58:34 2018       ;
; Quartus Prime Version              ; 18.0.0 Build 614 04/24/2018 SJ Lite Edition ;
; Revision Name                      ; VGA                                         ;
; Top-level Entity Name              ; VGA                                         ;
; Family                             ; MAX 10                                      ;
; Total logic elements               ; 329                                         ;
;     Total combinational functions  ; 321                                         ;
;     Dedicated logic registers      ; 155                                         ;
; Total registers                    ; 155                                         ;
; Total pins                         ; 21                                          ;
; Total virtual pins                 ; 0                                           ;
; Total memory bits                  ; 0                                           ;
; Embedded Multiplier 9-bit elements ; 0                                           ;
; Total PLLs                         ; 1                                           ;
; UFM blocks                         ; 0                                           ;
; ADC blocks                         ; 0                                           ;
+------------------------------------+---------------------------------------------+


+------------------------------------------------------------------------------------------------------------+
; Analysis & Synthesis Settings                                                                              ;
+------------------------------------------------------------------+--------------------+--------------------+
; Option                                                           ; Setting            ; Default Value      ;
+------------------------------------------------------------------+--------------------+--------------------+
; Device                                                           ; 10M50DAF484C7G     ;                    ;
; Top-level entity name                                            ; VGA                ; VGA                ;
; Family name                                                      ; MAX 10 FPGA        ; Cyclone V          ;
; Use smart compilation                                            ; Off                ; Off                ;
; Enable parallel Assembler and Timing Analyzer during compilation ; On                 ; On                 ;
; Enable compact report table                                      ; Off                ; Off                ;
; Restructure Multiplexers                                         ; Auto               ; Auto               ;
; Create Debugging Nodes for IP Cores                              ; Off                ; Off                ;
; Preserve fewer node names                                        ; On                 ; On                 ;
; Intel FPGA IP Evaluation Mode                                    ; Enable             ; Enable             ;
; Verilog Version                                                  ; Verilog_2001       ; Verilog_2001       ;
; VHDL Version                                                     ; VHDL_1993          ; VHDL_1993          ;
; State Machine Processing                                         ; Auto               ; Auto               ;
; Safe State Machine                                               ; Off                ; Off                ;
; Extract Verilog State Machines                                   ; On                 ; On                 ;
; Extract VHDL State Machines                                      ; On                 ; On                 ;
; Ignore Verilog initial constructs                                ; Off                ; Off                ;
; Iteration limit for constant Verilog loops                       ; 5000               ; 5000               ;
; Iteration limit for non-constant Verilog loops                   ; 250                ; 250                ;
; Add Pass-Through Logic to Inferred RAMs                          ; On                 ; On                 ;
; Infer RAMs from Raw Logic                                        ; On                 ; On                 ;
; Parallel Synthesis                                               ; On                 ; On                 ;
; DSP Block Balancing                                              ; Auto               ; Auto               ;
; NOT Gate Push-Back                                               ; On                 ; On                 ;
; Power-Up Don't Care                                              ; On                 ; On                 ;
; Remove Redundant Logic Cells                                     ; Off                ; Off                ;
; Remove Duplicate Registers                                       ; On                 ; On                 ;
; Ignore CARRY Buffers                                             ; Off                ; Off                ;
; Ignore CASCADE Buffers                                           ; Off                ; Off                ;
; Ignore GLOBAL Buffers                                            ; Off                ; Off                ;
; Ignore ROW GLOBAL Buffers                                        ; Off                ; Off                ;
; Ignore LCELL Buffers                                             ; Off                ; Off                ;
; Ignore SOFT Buffers                                              ; On                 ; On                 ;
; Limit AHDL Integers to 32 Bits                                   ; Off                ; Off                ;
; Optimization Technique                                           ; Balanced           ; Balanced           ;
; Carry Chain Length                                               ; 70                 ; 70                 ;
; Auto Carry Chains                                                ; On                 ; On                 ;
; Auto Open-Drain Pins                                             ; On                 ; On                 ;
; Perform WYSIWYG Primitive Resynthesis                            ; Off                ; Off                ;
; Auto ROM Replacement                                             ; On                 ; On                 ;
; Auto RAM Replacement                                             ; On                 ; On                 ;
; Auto DSP Block Replacement                                       ; On                 ; On                 ;
; Auto Shift Register Replacement                                  ; Auto               ; Auto               ;
; Allow Shift Register Merging across Hierarchies                  ; Auto               ; Auto               ;
; Auto Clock Enable Replacement                                    ; On                 ; On                 ;
; Strict RAM Replacement                                           ; Off                ; Off                ;
; Allow Synchronous Control Signals                                ; On                 ; On                 ;
; Force Use of Synchronous Clear Signals                           ; Off                ; Off                ;
; Auto RAM Block Balancing                                         ; On                 ; On                 ;
; Auto RAM to Logic Cell Conversion                                ; Off                ; Off                ;
; Auto Resource Sharing                                            ; Off                ; Off                ;
; Allow Any RAM Size For Recognition                               ; Off                ; Off                ;
; Allow Any ROM Size For Recognition                               ; Off                ; Off                ;
; Allow Any Shift Register Size For Recognition                    ; Off                ; Off                ;
; Use LogicLock Constraints during Resource Balancing              ; On                 ; On                 ;
; Ignore translate_off and synthesis_off directives                ; Off                ; Off                ;
; Timing-Driven Synthesis                                          ; On                 ; On                 ;
; Report Parameter Settings                                        ; On                 ; On                 ;
; Report Source Assignments                                        ; On                 ; On                 ;
; Report Connectivity Checks                                       ; On                 ; On                 ;
; Ignore Maximum Fan-Out Assignments                               ; Off                ; Off                ;
; Synchronization Register Chain Length                            ; 2                  ; 2                  ;
; Power Optimization During Synthesis                              ; Normal compilation ; Normal compilation ;
; HDL message level                                                ; Level2             ; Level2             ;
; Suppress Register Optimization Related Messages                  ; Off                ; Off                ;
; Number of Removed Registers Reported in Synthesis Report         ; 5000               ; 5000               ;
; Number of Swept Nodes Reported in Synthesis Report               ; 5000               ; 5000               ;
; Number of Inverted Registers Reported in Synthesis Report        ; 100                ; 100                ;
; Clock MUX Protection                                             ; On                 ; On                 ;
; Auto Gated Clock Conversion                                      ; Off                ; Off                ;
; Block Design Naming                                              ; Auto               ; Auto               ;
; SDC constraint protection                                        ; Off                ; Off                ;
; Synthesis Effort                                                 ; Auto               ; Auto               ;
; Shift Register Replacement - Allow Asynchronous Clear Signal     ; On                 ; On                 ;
; Pre-Mapping Resynthesis Optimization                             ; Off                ; Off                ;
; Analysis & Synthesis Message Level                               ; Medium             ; Medium             ;
; Disable Register Merging Across Hierarchies                      ; Auto               ; Auto               ;
; Resource Aware Inference For Block RAM                           ; On                 ; On                 ;
+------------------------------------------------------------------+--------------------+--------------------+


+-----------------------------------------------------------------------------------------------------------------------------------------------------------------------------------------------------------------------------------------------------------------+
; Analysis & Synthesis Source Files Read                                                                                                                                                                                                                          ;
+----------------------------------+-----------------+------------------------------+-------------------------------------------------------------------------------------------------------------------------------------------------------------------+---------+
; File Name with User-Entered Path ; Used in Netlist ; File Type                    ; File Name with Absolute Path                                                                                                                                      ; Library ;
+----------------------------------+-----------------+------------------------------+-------------------------------------------------------------------------------------------------------------------------------------------------------------------+---------+
; VGA.vhd                          ; yes             ; User VHDL File               ; G:/My Drive/School/Fall_2018/ECE_5930_Reconfigurable_Computing/DE10-Lite_v.2.0.2_SystemCD (1)/Tools/SystemBuilder/CodeGenerated/DE10_LITE/VGA/VGA.vhd             ;         ;
; sync.vhd                         ; yes             ; User VHDL File               ; G:/My Drive/School/Fall_2018/ECE_5930_Reconfigurable_Computing/DE10-Lite_v.2.0.2_SystemCD (1)/Tools/SystemBuilder/CodeGenerated/DE10_LITE/VGA/sync.vhd            ;         ;
; PLL_VGA.vhd                      ; yes             ; User Wizard-Generated File   ; G:/My Drive/School/Fall_2018/ECE_5930_Reconfigurable_Computing/DE10-Lite_v.2.0.2_SystemCD (1)/Tools/SystemBuilder/CodeGenerated/DE10_LITE/VGA/PLL_VGA.vhd         ;         ;
; altpll.tdf                       ; yes             ; Megafunction                 ; c:/intelfpga_lite/18.0/quartus/libraries/megafunctions/altpll.tdf                                                                                                 ;         ;
; aglobal180.inc                   ; yes             ; Megafunction                 ; c:/intelfpga_lite/18.0/quartus/libraries/megafunctions/aglobal180.inc                                                                                             ;         ;
; stratix_pll.inc                  ; yes             ; Megafunction                 ; c:/intelfpga_lite/18.0/quartus/libraries/megafunctions/stratix_pll.inc                                                                                            ;         ;
; stratixii_pll.inc                ; yes             ; Megafunction                 ; c:/intelfpga_lite/18.0/quartus/libraries/megafunctions/stratixii_pll.inc                                                                                          ;         ;
; cycloneii_pll.inc                ; yes             ; Megafunction                 ; c:/intelfpga_lite/18.0/quartus/libraries/megafunctions/cycloneii_pll.inc                                                                                          ;         ;
; db/pll_vga_altpll.v              ; yes             ; Auto-Generated Megafunction  ; G:/My Drive/School/Fall_2018/ECE_5930_Reconfigurable_Computing/DE10-Lite_v.2.0.2_SystemCD (1)/Tools/SystemBuilder/CodeGenerated/DE10_LITE/VGA/db/pll_vga_altpll.v ;         ;
+----------------------------------+-----------------+------------------------------+-------------------------------------------------------------------------------------------------------------------------------------------------------------------+---------+


+-------------------------------------------------------------------------------------------------------------------------------------+
; Analysis & Synthesis Resource Usage Summary                                                                                         ;
+---------------------------------------------+---------------------------------------------------------------------------------------+
; Resource                                    ; Usage                                                                                 ;
+---------------------------------------------+---------------------------------------------------------------------------------------+
; Estimated Total logic elements              ; 329                                                                                   ;
;                                             ;                                                                                       ;
; Total combinational functions               ; 321                                                                                   ;
; Logic element usage by number of LUT inputs ;                                                                                       ;
;     -- 4 input functions                    ; 82                                                                                    ;
;     -- 3 input functions                    ; 64                                                                                    ;
;     -- <=2 input functions                  ; 175                                                                                   ;
;                                             ;                                                                                       ;
; Logic elements by mode                      ;                                                                                       ;
;     -- normal mode                          ; 198                                                                                   ;
;     -- arithmetic mode                      ; 123                                                                                   ;
;                                             ;                                                                                       ;
; Total registers                             ; 155                                                                                   ;
;     -- Dedicated logic registers            ; 155                                                                                   ;
;     -- I/O registers                        ; 0                                                                                     ;
;                                             ;                                                                                       ;
; I/O pins                                    ; 21                                                                                    ;
;                                             ;                                                                                       ;
; Embedded Multiplier 9-bit elements          ; 0                                                                                     ;
;                                             ;                                                                                       ;
; Total PLLs                                  ; 1                                                                                     ;
;     -- PLLs                                 ; 1                                                                                     ;
;                                             ;                                                                                       ;
; Maximum fan-out node                        ; PLL_VGA:VGAPLL|altpll:altpll_component|PLL_VGA_altpll:auto_generated|wire_pll1_clk[0] ;
; Maximum fan-out                             ; 157                                                                                   ;
; Total fan-out                               ; 1495                                                                                  ;
; Average fan-out                             ; 2.88                                                                                  ;
+---------------------------------------------+---------------------------------------------------------------------------------------+


+-----------------------------------------------------------------------------------------------------------------------------------------------------------------------------------------------------------------------------------------------------------------------------------------------------------+
; Analysis & Synthesis Resource Utilization by Entity                                                                                                                                                                                                                                                       ;
+------------------------------------------+---------------------+---------------------------+-------------+------------+--------------+---------+-----------+------+--------------+------------+---------------------------------------------------------------------------+----------------+--------------+
; Compilation Hierarchy Node               ; Combinational ALUTs ; Dedicated Logic Registers ; Memory Bits ; UFM Blocks ; DSP Elements ; DSP 9x9 ; DSP 18x18 ; Pins ; Virtual Pins ; ADC blocks ; Full Hierarchy Name                                                       ; Entity Name    ; Library Name ;
+------------------------------------------+---------------------+---------------------------+-------------+------------+--------------+---------+-----------+------+--------------+------------+---------------------------------------------------------------------------+----------------+--------------+
; |VGA                                     ; 321 (0)             ; 155 (0)                   ; 0           ; 0          ; 0            ; 0       ; 0         ; 21   ; 0            ; 0          ; |VGA                                                                      ; VGA            ; work         ;
;    |PLL_VGA:VGAPLL|                      ; 0 (0)               ; 0 (0)                     ; 0           ; 0          ; 0            ; 0       ; 0         ; 0    ; 0            ; 0          ; |VGA|PLL_VGA:VGAPLL                                                       ; PLL_VGA        ; work         ;
;       |altpll:altpll_component|          ; 0 (0)               ; 0 (0)                     ; 0           ; 0          ; 0            ; 0       ; 0         ; 0    ; 0            ; 0          ; |VGA|PLL_VGA:VGAPLL|altpll:altpll_component                               ; altpll         ; work         ;
;          |PLL_VGA_altpll:auto_generated| ; 0 (0)               ; 0 (0)                     ; 0           ; 0          ; 0            ; 0       ; 0         ; 0    ; 0            ; 0          ; |VGA|PLL_VGA:VGAPLL|altpll:altpll_component|PLL_VGA_altpll:auto_generated ; PLL_VGA_altpll ; work         ;
;    |sync:sync1|                          ; 321 (321)           ; 155 (155)                 ; 0           ; 0          ; 0            ; 0       ; 0         ; 0    ; 0            ; 0          ; |VGA|sync:sync1                                                           ; sync           ; work         ;
+------------------------------------------+---------------------+---------------------------+-------------+------------+--------------+---------+-----------+------+--------------+------------+---------------------------------------------------------------------------+----------------+--------------+
Note: For table entries with two numbers listed, the numbers in parentheses indicate the number of resources of the given type used by the specific entity alone. The numbers listed outside of parentheses indicate the total resources of the given type used by the specific entity and all of its sub-entities in the hierarchy.


+-------------------------------------------------------------------------------------------------------+
; Analysis & Synthesis IP Cores Summary                                                                 ;
+--------+--------------+---------+--------------+--------------+---------------------+-----------------+
; Vendor ; IP Core Name ; Version ; Release Date ; License Type ; Entity Instance     ; IP Include File ;
+--------+--------------+---------+--------------+--------------+---------------------+-----------------+
; Altera ; ALTPLL       ; 18.0    ; N/A          ; N/A          ; |VGA|PLL_VGA:VGAPLL ; PLL_VGA.vhd     ;
+--------+--------------+---------+--------------+--------------+---------------------+-----------------+


Encoding Type:  One-Hot
+--------------------------------------------------------------+
; State Machine - |VGA|sync:sync1|pvs                          ;
+------------+-----------+------------+-----------+------------+
; Name       ; pvs.vData ; pvs.vertBP ; pvs.vSync ; pvs.vertFP ;
+------------+-----------+------------+-----------+------------+
; pvs.vertFP ; 0         ; 0          ; 0         ; 0          ;
; pvs.vSync  ; 0         ; 0          ; 1         ; 1          ;
; pvs.vertBP ; 0         ; 1          ; 0         ; 1          ;
; pvs.vData  ; 1         ; 0          ; 0         ; 1          ;
+------------+-----------+------------+-----------+------------+


Encoding Type:  One-Hot
+-----------------------------------------------------------------+
; State Machine - |VGA|sync:sync1|phs                             ;
+-------------+-----------+-------------+-----------+-------------+
; Name        ; phs.hData ; phs.horizBP ; phs.hSync ; phs.horizFP ;
+-------------+-----------+-------------+-----------+-------------+
; phs.horizFP ; 0         ; 0           ; 0         ; 0           ;
; phs.hSync   ; 0         ; 0           ; 1         ; 1           ;
; phs.horizBP ; 0         ; 1           ; 0         ; 1           ;
; phs.hData   ; 1         ; 0           ; 0         ; 1           ;
+-------------+-----------+-------------+-----------+-------------+


Encoding Type:  One-Hot
+---------------------------------------------------------------+
; State Machine - |VGA|sync:sync1|PS                            ;
+-----------+--------+---------+-----------+----------+---------+
; Name      ; PS.ACC ; PS.TRIG ; PS.COUNT2 ; PS.COUNT ; PS.IDLE ;
+-----------+--------+---------+-----------+----------+---------+
; PS.IDLE   ; 0      ; 0       ; 0         ; 0        ; 0       ;
; PS.COUNT  ; 0      ; 0       ; 0         ; 1        ; 1       ;
; PS.COUNT2 ; 0      ; 0       ; 1         ; 0        ; 1       ;
; PS.TRIG   ; 0      ; 1       ; 0         ; 0        ; 1       ;
; PS.ACC    ; 1      ; 0       ; 0         ; 0        ; 1       ;
+-----------+--------+---------+-----------+----------+---------+


+------------------------------------------------------------------------------------------------------+
; User-Specified and Inferred Latches                                                                  ;
+-----------------------------------------------------+-----------------------+------------------------+
; Latch Name                                          ; Latch Enable Signal   ; Free of Timing Hazards ;
+-----------------------------------------------------+-----------------------+------------------------+
; sync:sync1|flag.ivoryCoast_2293                     ; sync:sync1|PS.IDLE    ; yes                    ;
; sync:sync1|flag.nigeria_2299                        ; sync:sync1|PS.IDLE    ; yes                    ;
; sync:sync1|flag.chad_2305                           ; sync:sync1|PS.IDLE    ; yes                    ;
; sync:sync1|flag.ireland_2323                        ; sync:sync1|PS.IDLE    ; yes                    ;
; sync:sync1|flag.italy_2329                          ; sync:sync1|PS.IDLE    ; yes                    ;
; sync:sync1|flag.france_2335                         ; sync:sync1|PS.IDLE    ; yes                    ;
; sync:sync1|flag.mali_2311                           ; sync:sync1|PS.IDLE    ; yes                    ;
; sync:sync1|flag.belgium_2317                        ; sync:sync1|PS.IDLE    ; yes                    ;
; sync:sync1|nflag.ivoryCoast_2344                    ; sync:sync1|Selector82 ; yes                    ;
; sync:sync1|nflag.nigeria_2353                       ; sync:sync1|Selector82 ; yes                    ;
; sync:sync1|nflag.chad_2362                          ; sync:sync1|Selector82 ; yes                    ;
; sync:sync1|nflag.ireland_2389                       ; sync:sync1|Selector82 ; yes                    ;
; sync:sync1|nflag.italy_2398                         ; sync:sync1|Selector82 ; yes                    ;
; sync:sync1|nflag.france_2407                        ; sync:sync1|Selector82 ; yes                    ;
; sync:sync1|nflag.mali_2371                          ; sync:sync1|Selector82 ; yes                    ;
; sync:sync1|nflag.belgium_2380                       ; sync:sync1|Selector82 ; yes                    ;
; sync:sync1|npixelCount2[31]                         ; sync:sync1|pvs.vData  ; yes                    ;
; sync:sync1|npixelCount2[30]                         ; sync:sync1|pvs.vData  ; yes                    ;
; sync:sync1|npixelCount2[29]                         ; sync:sync1|pvs.vData  ; yes                    ;
; sync:sync1|npixelCount2[28]                         ; sync:sync1|pvs.vData  ; yes                    ;
; sync:sync1|npixelCount2[27]                         ; sync:sync1|pvs.vData  ; yes                    ;
; sync:sync1|npixelCount2[26]                         ; sync:sync1|pvs.vData  ; yes                    ;
; sync:sync1|npixelCount2[25]                         ; sync:sync1|pvs.vData  ; yes                    ;
; sync:sync1|npixelCount2[24]                         ; sync:sync1|pvs.vData  ; yes                    ;
; sync:sync1|npixelCount2[23]                         ; sync:sync1|pvs.vData  ; yes                    ;
; sync:sync1|npixelCount2[22]                         ; sync:sync1|pvs.vData  ; yes                    ;
; sync:sync1|npixelCount2[21]                         ; sync:sync1|pvs.vData  ; yes                    ;
; sync:sync1|npixelCount2[20]                         ; sync:sync1|pvs.vData  ; yes                    ;
; sync:sync1|npixelCount2[19]                         ; sync:sync1|pvs.vData  ; yes                    ;
; sync:sync1|npixelCount2[18]                         ; sync:sync1|pvs.vData  ; yes                    ;
; sync:sync1|npixelCount2[17]                         ; sync:sync1|pvs.vData  ; yes                    ;
; sync:sync1|npixelCount2[16]                         ; sync:sync1|pvs.vData  ; yes                    ;
; sync:sync1|npixelCount2[15]                         ; sync:sync1|pvs.vData  ; yes                    ;
; sync:sync1|npixelCount2[14]                         ; sync:sync1|pvs.vData  ; yes                    ;
; sync:sync1|npixelCount2[13]                         ; sync:sync1|pvs.vData  ; yes                    ;
; sync:sync1|npixelCount2[12]                         ; sync:sync1|pvs.vData  ; yes                    ;
; sync:sync1|npixelCount2[11]                         ; sync:sync1|pvs.vData  ; yes                    ;
; sync:sync1|npixelCount2[10]                         ; sync:sync1|pvs.vData  ; yes                    ;
; sync:sync1|npixelCount2[9]                          ; sync:sync1|pvs.vData  ; yes                    ;
; sync:sync1|npixelCount2[8]                          ; sync:sync1|pvs.vData  ; yes                    ;
; sync:sync1|npixelCount2[7]                          ; sync:sync1|pvs.vData  ; yes                    ;
; sync:sync1|npixelCount2[6]                          ; sync:sync1|pvs.vData  ; yes                    ;
; sync:sync1|npixelCount2[5]                          ; sync:sync1|pvs.vData  ; yes                    ;
; sync:sync1|npixelCount2[4]                          ; sync:sync1|pvs.vData  ; yes                    ;
; sync:sync1|npixelCount2[3]                          ; sync:sync1|pvs.vData  ; yes                    ;
; sync:sync1|npixelCount2[2]                          ; sync:sync1|pvs.vData  ; yes                    ;
; sync:sync1|npixelCount2[1]                          ; sync:sync1|pvs.vData  ; yes                    ;
; sync:sync1|npixelCount2[0]                          ; sync:sync1|pvs.vData  ; yes                    ;
; Number of user-specified and inferred latches = 48  ;                       ;                        ;
+-----------------------------------------------------+-----------------------+------------------------+
Note: All latches listed above may not be present at the end of synthesis due to various synthesis optimizations.


+------------------------------------------------------+
; General Register Statistics                          ;
+----------------------------------------------+-------+
; Statistic                                    ; Value ;
+----------------------------------------------+-------+
; Total registers                              ; 155   ;
; Number of registers using Synchronous Clear  ; 64    ;
; Number of registers using Synchronous Load   ; 0     ;
; Number of registers using Asynchronous Clear ; 109   ;
; Number of registers using Asynchronous Load  ; 0     ;
; Number of registers using Clock Enable       ; 109   ;
; Number of registers using Preset             ; 0     ;
+----------------------------------------------+-------+


+---------------------------------------------------------------------------------------------------------------------------------------------+
; Multiplexer Restructuring Statistics (Restructuring Performed)                                                                              ;
+--------------------+-----------+---------------+----------------------+------------------------+------------+-------------------------------+
; Multiplexer Inputs ; Bus Width ; Baseline Area ; Area if Restructured ; Saving if Restructured ; Registered ; Example Multiplexer Output    ;
+--------------------+-----------+---------------+----------------------+------------------------+------------+-------------------------------+
; 3:1                ; 32 bits   ; 64 LEs        ; 32 LEs               ; 32 LEs                 ; Yes        ; |VGA|sync:sync1|lineCount[3]  ;
; 8:1                ; 32 bits   ; 160 LEs       ; 32 LEs               ; 128 LEs                ; Yes        ; |VGA|sync:sync1|pixelCount[3] ;
; 6:1                ; 32 bits   ; 128 LEs       ; 32 LEs               ; 96 LEs                 ; No         ; |VGA|sync:sync1|Selector1     ;
+--------------------+-----------+---------------+----------------------+------------------------+------------+-------------------------------+


+-------------------------------------------------------------------------------------+
; Parameter Settings for User Entity Instance: PLL_VGA:VGAPLL|altpll:altpll_component ;
+-------------------------------+---------------------------+-------------------------+
; Parameter Name                ; Value                     ; Type                    ;
+-------------------------------+---------------------------+-------------------------+
; OPERATION_MODE                ; NORMAL                    ; Untyped                 ;
; PLL_TYPE                      ; AUTO                      ; Untyped                 ;
; LPM_HINT                      ; CBX_MODULE_PREFIX=PLL_VGA ; Untyped                 ;
; QUALIFY_CONF_DONE             ; OFF                       ; Untyped                 ;
; COMPENSATE_CLOCK              ; CLK0                      ; Untyped                 ;
; SCAN_CHAIN                    ; LONG                      ; Untyped                 ;
; PRIMARY_CLOCK                 ; INCLK0                    ; Untyped                 ;
; INCLK0_INPUT_FREQUENCY        ; 20000                     ; Signed Integer          ;
; INCLK1_INPUT_FREQUENCY        ; 0                         ; Untyped                 ;
; GATE_LOCK_SIGNAL              ; NO                        ; Untyped                 ;
; GATE_LOCK_COUNTER             ; 0                         ; Untyped                 ;
; LOCK_HIGH                     ; 1                         ; Untyped                 ;
; LOCK_LOW                      ; 1                         ; Untyped                 ;
; VALID_LOCK_MULTIPLIER         ; 1                         ; Untyped                 ;
; INVALID_LOCK_MULTIPLIER       ; 5                         ; Untyped                 ;
; SWITCH_OVER_ON_LOSSCLK        ; OFF                       ; Untyped                 ;
; SWITCH_OVER_ON_GATED_LOCK     ; OFF                       ; Untyped                 ;
; ENABLE_SWITCH_OVER_COUNTER    ; OFF                       ; Untyped                 ;
; SKIP_VCO                      ; OFF                       ; Untyped                 ;
; SWITCH_OVER_COUNTER           ; 0                         ; Untyped                 ;
; SWITCH_OVER_TYPE              ; AUTO                      ; Untyped                 ;
; FEEDBACK_SOURCE               ; EXTCLK0                   ; Untyped                 ;
; BANDWIDTH                     ; 0                         ; Untyped                 ;
; BANDWIDTH_TYPE                ; AUTO                      ; Untyped                 ;
; SPREAD_FREQUENCY              ; 0                         ; Untyped                 ;
; DOWN_SPREAD                   ; 0                         ; Untyped                 ;
; SELF_RESET_ON_GATED_LOSS_LOCK ; OFF                       ; Untyped                 ;
; SELF_RESET_ON_LOSS_LOCK       ; OFF                       ; Untyped                 ;
; CLK9_MULTIPLY_BY              ; 0                         ; Untyped                 ;
; CLK8_MULTIPLY_BY              ; 0                         ; Untyped                 ;
; CLK7_MULTIPLY_BY              ; 0                         ; Untyped                 ;
; CLK6_MULTIPLY_BY              ; 0                         ; Untyped                 ;
; CLK5_MULTIPLY_BY              ; 1                         ; Untyped                 ;
; CLK4_MULTIPLY_BY              ; 1                         ; Untyped                 ;
; CLK3_MULTIPLY_BY              ; 1                         ; Untyped                 ;
; CLK2_MULTIPLY_BY              ; 1                         ; Untyped                 ;
; CLK1_MULTIPLY_BY              ; 1                         ; Untyped                 ;
; CLK0_MULTIPLY_BY              ; 12587483                  ; Signed Integer          ;
; CLK9_DIVIDE_BY                ; 0                         ; Untyped                 ;
; CLK8_DIVIDE_BY                ; 0                         ; Untyped                 ;
; CLK7_DIVIDE_BY                ; 0                         ; Untyped                 ;
; CLK6_DIVIDE_BY                ; 0                         ; Untyped                 ;
; CLK5_DIVIDE_BY                ; 1                         ; Untyped                 ;
; CLK4_DIVIDE_BY                ; 1                         ; Untyped                 ;
; CLK3_DIVIDE_BY                ; 1                         ; Untyped                 ;
; CLK2_DIVIDE_BY                ; 1                         ; Untyped                 ;
; CLK1_DIVIDE_BY                ; 1                         ; Untyped                 ;
; CLK0_DIVIDE_BY                ; 25000000                  ; Signed Integer          ;
; CLK9_PHASE_SHIFT              ; 0                         ; Untyped                 ;
; CLK8_PHASE_SHIFT              ; 0                         ; Untyped                 ;
; CLK7_PHASE_SHIFT              ; 0                         ; Untyped                 ;
; CLK6_PHASE_SHIFT              ; 0                         ; Untyped                 ;
; CLK5_PHASE_SHIFT              ; 0                         ; Untyped                 ;
; CLK4_PHASE_SHIFT              ; 0                         ; Untyped                 ;
; CLK3_PHASE_SHIFT              ; 0                         ; Untyped                 ;
; CLK2_PHASE_SHIFT              ; 0                         ; Untyped                 ;
; CLK1_PHASE_SHIFT              ; 0                         ; Untyped                 ;
; CLK0_PHASE_SHIFT              ; 0                         ; Untyped                 ;
; CLK5_TIME_DELAY               ; 0                         ; Untyped                 ;
; CLK4_TIME_DELAY               ; 0                         ; Untyped                 ;
; CLK3_TIME_DELAY               ; 0                         ; Untyped                 ;
; CLK2_TIME_DELAY               ; 0                         ; Untyped                 ;
; CLK1_TIME_DELAY               ; 0                         ; Untyped                 ;
; CLK0_TIME_DELAY               ; 0                         ; Untyped                 ;
; CLK9_DUTY_CYCLE               ; 50                        ; Untyped                 ;
; CLK8_DUTY_CYCLE               ; 50                        ; Untyped                 ;
; CLK7_DUTY_CYCLE               ; 50                        ; Untyped                 ;
; CLK6_DUTY_CYCLE               ; 50                        ; Untyped                 ;
; CLK5_DUTY_CYCLE               ; 50                        ; Untyped                 ;
; CLK4_DUTY_CYCLE               ; 50                        ; Untyped                 ;
; CLK3_DUTY_CYCLE               ; 50                        ; Untyped                 ;
; CLK2_DUTY_CYCLE               ; 50                        ; Untyped                 ;
; CLK1_DUTY_CYCLE               ; 50                        ; Untyped                 ;
; CLK0_DUTY_CYCLE               ; 50                        ; Signed Integer          ;
; CLK9_USE_EVEN_COUNTER_MODE    ; OFF                       ; Untyped                 ;
; CLK8_USE_EVEN_COUNTER_MODE    ; OFF                       ; Untyped                 ;
; CLK7_USE_EVEN_COUNTER_MODE    ; OFF                       ; Untyped                 ;
; CLK6_USE_EVEN_COUNTER_MODE    ; OFF                       ; Untyped                 ;
; CLK5_USE_EVEN_COUNTER_MODE    ; OFF                       ; Untyped                 ;
; CLK4_USE_EVEN_COUNTER_MODE    ; OFF                       ; Untyped                 ;
; CLK3_USE_EVEN_COUNTER_MODE    ; OFF                       ; Untyped                 ;
; CLK2_USE_EVEN_COUNTER_MODE    ; OFF                       ; Untyped                 ;
; CLK1_USE_EVEN_COUNTER_MODE    ; OFF                       ; Untyped                 ;
; CLK0_USE_EVEN_COUNTER_MODE    ; OFF                       ; Untyped                 ;
; CLK9_USE_EVEN_COUNTER_VALUE   ; OFF                       ; Untyped                 ;
; CLK8_USE_EVEN_COUNTER_VALUE   ; OFF                       ; Untyped                 ;
; CLK7_USE_EVEN_COUNTER_VALUE   ; OFF                       ; Untyped                 ;
; CLK6_USE_EVEN_COUNTER_VALUE   ; OFF                       ; Untyped                 ;
; CLK5_USE_EVEN_COUNTER_VALUE   ; OFF                       ; Untyped                 ;
; CLK4_USE_EVEN_COUNTER_VALUE   ; OFF                       ; Untyped                 ;
; CLK3_USE_EVEN_COUNTER_VALUE   ; OFF                       ; Untyped                 ;
; CLK2_USE_EVEN_COUNTER_VALUE   ; OFF                       ; Untyped                 ;
; CLK1_USE_EVEN_COUNTER_VALUE   ; OFF                       ; Untyped                 ;
; CLK0_USE_EVEN_COUNTER_VALUE   ; OFF                       ; Untyped                 ;
; LOCK_WINDOW_UI                ;  0.05                     ; Untyped                 ;
; LOCK_WINDOW_UI_BITS           ; UNUSED                    ; Untyped                 ;
; VCO_RANGE_DETECTOR_LOW_BITS   ; UNUSED                    ; Untyped                 ;
; VCO_RANGE_DETECTOR_HIGH_BITS  ; UNUSED                    ; Untyped                 ;
; DPA_MULTIPLY_BY               ; 0                         ; Untyped                 ;
; DPA_DIVIDE_BY                 ; 1                         ; Untyped                 ;
; DPA_DIVIDER                   ; 0                         ; Untyped                 ;
; EXTCLK3_MULTIPLY_BY           ; 1                         ; Untyped                 ;
; EXTCLK2_MULTIPLY_BY           ; 1                         ; Untyped                 ;
; EXTCLK1_MULTIPLY_BY           ; 1                         ; Untyped                 ;
; EXTCLK0_MULTIPLY_BY           ; 1                         ; Untyped                 ;
; EXTCLK3_DIVIDE_BY             ; 1                         ; Untyped                 ;
; EXTCLK2_DIVIDE_BY             ; 1                         ; Untyped                 ;
; EXTCLK1_DIVIDE_BY             ; 1                         ; Untyped                 ;
; EXTCLK0_DIVIDE_BY             ; 1                         ; Untyped                 ;
; EXTCLK3_PHASE_SHIFT           ; 0                         ; Untyped                 ;
; EXTCLK2_PHASE_SHIFT           ; 0                         ; Untyped                 ;
; EXTCLK1_PHASE_SHIFT           ; 0                         ; Untyped                 ;
; EXTCLK0_PHASE_SHIFT           ; 0                         ; Untyped                 ;
; EXTCLK3_TIME_DELAY            ; 0                         ; Untyped                 ;
; EXTCLK2_TIME_DELAY            ; 0                         ; Untyped                 ;
; EXTCLK1_TIME_DELAY            ; 0                         ; Untyped                 ;
; EXTCLK0_TIME_DELAY            ; 0                         ; Untyped                 ;
; EXTCLK3_DUTY_CYCLE            ; 50                        ; Untyped                 ;
; EXTCLK2_DUTY_CYCLE            ; 50                        ; Untyped                 ;
; EXTCLK1_DUTY_CYCLE            ; 50                        ; Untyped                 ;
; EXTCLK0_DUTY_CYCLE            ; 50                        ; Untyped                 ;
; VCO_MULTIPLY_BY               ; 0                         ; Untyped                 ;
; VCO_DIVIDE_BY                 ; 0                         ; Untyped                 ;
; SCLKOUT0_PHASE_SHIFT          ; 0                         ; Untyped                 ;
; SCLKOUT1_PHASE_SHIFT          ; 0                         ; Untyped                 ;
; VCO_MIN                       ; 0                         ; Untyped                 ;
; VCO_MAX                       ; 0                         ; Untyped                 ;
; VCO_CENTER                    ; 0                         ; Untyped                 ;
; PFD_MIN                       ; 0                         ; Untyped                 ;
; PFD_MAX                       ; 0                         ; Untyped                 ;
; M_INITIAL                     ; 0                         ; Untyped                 ;
; M                             ; 0                         ; Untyped                 ;
; N                             ; 1                         ; Untyped                 ;
; M2                            ; 1                         ; Untyped                 ;
; N2                            ; 1                         ; Untyped                 ;
; SS                            ; 1                         ; Untyped                 ;
; C0_HIGH                       ; 0                         ; Untyped                 ;
; C1_HIGH                       ; 0                         ; Untyped                 ;
; C2_HIGH                       ; 0                         ; Untyped                 ;
; C3_HIGH                       ; 0                         ; Untyped                 ;
; C4_HIGH                       ; 0                         ; Untyped                 ;
; C5_HIGH                       ; 0                         ; Untyped                 ;
; C6_HIGH                       ; 0                         ; Untyped                 ;
; C7_HIGH                       ; 0                         ; Untyped                 ;
; C8_HIGH                       ; 0                         ; Untyped                 ;
; C9_HIGH                       ; 0                         ; Untyped                 ;
; C0_LOW                        ; 0                         ; Untyped                 ;
; C1_LOW                        ; 0                         ; Untyped                 ;
; C2_LOW                        ; 0                         ; Untyped                 ;
; C3_LOW                        ; 0                         ; Untyped                 ;
; C4_LOW                        ; 0                         ; Untyped                 ;
; C5_LOW                        ; 0                         ; Untyped                 ;
; C6_LOW                        ; 0                         ; Untyped                 ;
; C7_LOW                        ; 0                         ; Untyped                 ;
; C8_LOW                        ; 0                         ; Untyped                 ;
; C9_LOW                        ; 0                         ; Untyped                 ;
; C0_INITIAL                    ; 0                         ; Untyped                 ;
; C1_INITIAL                    ; 0                         ; Untyped                 ;
; C2_INITIAL                    ; 0                         ; Untyped                 ;
; C3_INITIAL                    ; 0                         ; Untyped                 ;
; C4_INITIAL                    ; 0                         ; Untyped                 ;
; C5_INITIAL                    ; 0                         ; Untyped                 ;
; C6_INITIAL                    ; 0                         ; Untyped                 ;
; C7_INITIAL                    ; 0                         ; Untyped                 ;
; C8_INITIAL                    ; 0                         ; Untyped                 ;
; C9_INITIAL                    ; 0                         ; Untyped                 ;
; C0_MODE                       ; BYPASS                    ; Untyped                 ;
; C1_MODE                       ; BYPASS                    ; Untyped                 ;
; C2_MODE                       ; BYPASS                    ; Untyped                 ;
; C3_MODE                       ; BYPASS                    ; Untyped                 ;
; C4_MODE                       ; BYPASS                    ; Untyped                 ;
; C5_MODE                       ; BYPASS                    ; Untyped                 ;
; C6_MODE                       ; BYPASS                    ; Untyped                 ;
; C7_MODE                       ; BYPASS                    ; Untyped                 ;
; C8_MODE                       ; BYPASS                    ; Untyped                 ;
; C9_MODE                       ; BYPASS                    ; Untyped                 ;
; C0_PH                         ; 0                         ; Untyped                 ;
; C1_PH                         ; 0                         ; Untyped                 ;
; C2_PH                         ; 0                         ; Untyped                 ;
; C3_PH                         ; 0                         ; Untyped                 ;
; C4_PH                         ; 0                         ; Untyped                 ;
; C5_PH                         ; 0                         ; Untyped                 ;
; C6_PH                         ; 0                         ; Untyped                 ;
; C7_PH                         ; 0                         ; Untyped                 ;
; C8_PH                         ; 0                         ; Untyped                 ;
; C9_PH                         ; 0                         ; Untyped                 ;
; L0_HIGH                       ; 1                         ; Untyped                 ;
; L1_HIGH                       ; 1                         ; Untyped                 ;
; G0_HIGH                       ; 1                         ; Untyped                 ;
; G1_HIGH                       ; 1                         ; Untyped                 ;
; G2_HIGH                       ; 1                         ; Untyped                 ;
; G3_HIGH                       ; 1                         ; Untyped                 ;
; E0_HIGH                       ; 1                         ; Untyped                 ;
; E1_HIGH                       ; 1                         ; Untyped                 ;
; E2_HIGH                       ; 1                         ; Untyped                 ;
; E3_HIGH                       ; 1                         ; Untyped                 ;
; L0_LOW                        ; 1                         ; Untyped                 ;
; L1_LOW                        ; 1                         ; Untyped                 ;
; G0_LOW                        ; 1                         ; Untyped                 ;
; G1_LOW                        ; 1                         ; Untyped                 ;
; G2_LOW                        ; 1                         ; Untyped                 ;
; G3_LOW                        ; 1                         ; Untyped                 ;
; E0_LOW                        ; 1                         ; Untyped                 ;
; E1_LOW                        ; 1                         ; Untyped                 ;
; E2_LOW                        ; 1                         ; Untyped                 ;
; E3_LOW                        ; 1                         ; Untyped                 ;
; L0_INITIAL                    ; 1                         ; Untyped                 ;
; L1_INITIAL                    ; 1                         ; Untyped                 ;
; G0_INITIAL                    ; 1                         ; Untyped                 ;
; G1_INITIAL                    ; 1                         ; Untyped                 ;
; G2_INITIAL                    ; 1                         ; Untyped                 ;
; G3_INITIAL                    ; 1                         ; Untyped                 ;
; E0_INITIAL                    ; 1                         ; Untyped                 ;
; E1_INITIAL                    ; 1                         ; Untyped                 ;
; E2_INITIAL                    ; 1                         ; Untyped                 ;
; E3_INITIAL                    ; 1                         ; Untyped                 ;
; L0_MODE                       ; BYPASS                    ; Untyped                 ;
; L1_MODE                       ; BYPASS                    ; Untyped                 ;
; G0_MODE                       ; BYPASS                    ; Untyped                 ;
; G1_MODE                       ; BYPASS                    ; Untyped                 ;
; G2_MODE                       ; BYPASS                    ; Untyped                 ;
; G3_MODE                       ; BYPASS                    ; Untyped                 ;
; E0_MODE                       ; BYPASS                    ; Untyped                 ;
; E1_MODE                       ; BYPASS                    ; Untyped                 ;
; E2_MODE                       ; BYPASS                    ; Untyped                 ;
; E3_MODE                       ; BYPASS                    ; Untyped                 ;
; L0_PH                         ; 0                         ; Untyped                 ;
; L1_PH                         ; 0                         ; Untyped                 ;
; G0_PH                         ; 0                         ; Untyped                 ;
; G1_PH                         ; 0                         ; Untyped                 ;
; G2_PH                         ; 0                         ; Untyped                 ;
; G3_PH                         ; 0                         ; Untyped                 ;
; E0_PH                         ; 0                         ; Untyped                 ;
; E1_PH                         ; 0                         ; Untyped                 ;
; E2_PH                         ; 0                         ; Untyped                 ;
; E3_PH                         ; 0                         ; Untyped                 ;
; M_PH                          ; 0                         ; Untyped                 ;
; C1_USE_CASC_IN                ; OFF                       ; Untyped                 ;
; C2_USE_CASC_IN                ; OFF                       ; Untyped                 ;
; C3_USE_CASC_IN                ; OFF                       ; Untyped                 ;
; C4_USE_CASC_IN                ; OFF                       ; Untyped                 ;
; C5_USE_CASC_IN                ; OFF                       ; Untyped                 ;
; C6_USE_CASC_IN                ; OFF                       ; Untyped                 ;
; C7_USE_CASC_IN                ; OFF                       ; Untyped                 ;
; C8_USE_CASC_IN                ; OFF                       ; Untyped                 ;
; C9_USE_CASC_IN                ; OFF                       ; Untyped                 ;
; CLK0_COUNTER                  ; G0                        ; Untyped                 ;
; CLK1_COUNTER                  ; G0                        ; Untyped                 ;
; CLK2_COUNTER                  ; G0                        ; Untyped                 ;
; CLK3_COUNTER                  ; G0                        ; Untyped                 ;
; CLK4_COUNTER                  ; G0                        ; Untyped                 ;
; CLK5_COUNTER                  ; G0                        ; Untyped                 ;
; CLK6_COUNTER                  ; E0                        ; Untyped                 ;
; CLK7_COUNTER                  ; E1                        ; Untyped                 ;
; CLK8_COUNTER                  ; E2                        ; Untyped                 ;
; CLK9_COUNTER                  ; E3                        ; Untyped                 ;
; L0_TIME_DELAY                 ; 0                         ; Untyped                 ;
; L1_TIME_DELAY                 ; 0                         ; Untyped                 ;
; G0_TIME_DELAY                 ; 0                         ; Untyped                 ;
; G1_TIME_DELAY                 ; 0                         ; Untyped                 ;
; G2_TIME_DELAY                 ; 0                         ; Untyped                 ;
; G3_TIME_DELAY                 ; 0                         ; Untyped                 ;
; E0_TIME_DELAY                 ; 0                         ; Untyped                 ;
; E1_TIME_DELAY                 ; 0                         ; Untyped                 ;
; E2_TIME_DELAY                 ; 0                         ; Untyped                 ;
; E3_TIME_DELAY                 ; 0                         ; Untyped                 ;
; M_TIME_DELAY                  ; 0                         ; Untyped                 ;
; N_TIME_DELAY                  ; 0                         ; Untyped                 ;
; EXTCLK3_COUNTER               ; E3                        ; Untyped                 ;
; EXTCLK2_COUNTER               ; E2                        ; Untyped                 ;
; EXTCLK1_COUNTER               ; E1                        ; Untyped                 ;
; EXTCLK0_COUNTER               ; E0                        ; Untyped                 ;
; ENABLE0_COUNTER               ; L0                        ; Untyped                 ;
; ENABLE1_COUNTER               ; L0                        ; Untyped                 ;
; CHARGE_PUMP_CURRENT           ; 2                         ; Untyped                 ;
; LOOP_FILTER_R                 ;  1.000000                 ; Untyped                 ;
; LOOP_FILTER_C                 ; 5                         ; Untyped                 ;
; CHARGE_PUMP_CURRENT_BITS      ; 9999                      ; Untyped                 ;
; LOOP_FILTER_R_BITS            ; 9999                      ; Untyped                 ;
; LOOP_FILTER_C_BITS            ; 9999                      ; Untyped                 ;
; VCO_POST_SCALE                ; 0                         ; Untyped                 ;
; CLK2_OUTPUT_FREQUENCY         ; 0                         ; Untyped                 ;
; CLK1_OUTPUT_FREQUENCY         ; 0                         ; Untyped                 ;
; CLK0_OUTPUT_FREQUENCY         ; 0                         ; Untyped                 ;
; INTENDED_DEVICE_FAMILY        ; MAX 10                    ; Untyped                 ;
; PORT_CLKENA0                  ; PORT_UNUSED               ; Untyped                 ;
; PORT_CLKENA1                  ; PORT_UNUSED               ; Untyped                 ;
; PORT_CLKENA2                  ; PORT_UNUSED               ; Untyped                 ;
; PORT_CLKENA3                  ; PORT_UNUSED               ; Untyped                 ;
; PORT_CLKENA4                  ; PORT_UNUSED               ; Untyped                 ;
; PORT_CLKENA5                  ; PORT_UNUSED               ; Untyped                 ;
; PORT_EXTCLKENA0               ; PORT_CONNECTIVITY         ; Untyped                 ;
; PORT_EXTCLKENA1               ; PORT_CONNECTIVITY         ; Untyped                 ;
; PORT_EXTCLKENA2               ; PORT_CONNECTIVITY         ; Untyped                 ;
; PORT_EXTCLKENA3               ; PORT_CONNECTIVITY         ; Untyped                 ;
; PORT_EXTCLK0                  ; PORT_UNUSED               ; Untyped                 ;
; PORT_EXTCLK1                  ; PORT_UNUSED               ; Untyped                 ;
; PORT_EXTCLK2                  ; PORT_UNUSED               ; Untyped                 ;
; PORT_EXTCLK3                  ; PORT_UNUSED               ; Untyped                 ;
; PORT_CLKBAD0                  ; PORT_UNUSED               ; Untyped                 ;
; PORT_CLKBAD1                  ; PORT_UNUSED               ; Untyped                 ;
; PORT_CLK0                     ; PORT_USED                 ; Untyped                 ;
; PORT_CLK1                     ; PORT_UNUSED               ; Untyped                 ;
; PORT_CLK2                     ; PORT_UNUSED               ; Untyped                 ;
; PORT_CLK3                     ; PORT_UNUSED               ; Untyped                 ;
; PORT_CLK4                     ; PORT_UNUSED               ; Untyped                 ;
; PORT_CLK5                     ; PORT_UNUSED               ; Untyped                 ;
; PORT_CLK6                     ; PORT_UNUSED               ; Untyped                 ;
; PORT_CLK7                     ; PORT_UNUSED               ; Untyped                 ;
; PORT_CLK8                     ; PORT_UNUSED               ; Untyped                 ;
; PORT_CLK9                     ; PORT_UNUSED               ; Untyped                 ;
; PORT_SCANDATA                 ; PORT_UNUSED               ; Untyped                 ;
; PORT_SCANDATAOUT              ; PORT_UNUSED               ; Untyped                 ;
; PORT_SCANDONE                 ; PORT_UNUSED               ; Untyped                 ;
; PORT_SCLKOUT1                 ; PORT_CONNECTIVITY         ; Untyped                 ;
; PORT_SCLKOUT0                 ; PORT_CONNECTIVITY         ; Untyped                 ;
; PORT_ACTIVECLOCK              ; PORT_UNUSED               ; Untyped                 ;
; PORT_CLKLOSS                  ; PORT_UNUSED               ; Untyped                 ;
; PORT_INCLK1                   ; PORT_UNUSED               ; Untyped                 ;
; PORT_INCLK0                   ; PORT_USED                 ; Untyped                 ;
; PORT_FBIN                     ; PORT_UNUSED               ; Untyped                 ;
; PORT_PLLENA                   ; PORT_UNUSED               ; Untyped                 ;
; PORT_CLKSWITCH                ; PORT_UNUSED               ; Untyped                 ;
; PORT_ARESET                   ; PORT_UNUSED               ; Untyped                 ;
; PORT_PFDENA                   ; PORT_UNUSED               ; Untyped                 ;
; PORT_SCANCLK                  ; PORT_UNUSED               ; Untyped                 ;
; PORT_SCANACLR                 ; PORT_UNUSED               ; Untyped                 ;
; PORT_SCANREAD                 ; PORT_UNUSED               ; Untyped                 ;
; PORT_SCANWRITE                ; PORT_UNUSED               ; Untyped                 ;
; PORT_ENABLE0                  ; PORT_CONNECTIVITY         ; Untyped                 ;
; PORT_ENABLE1                  ; PORT_CONNECTIVITY         ; Untyped                 ;
; PORT_LOCKED                   ; PORT_UNUSED               ; Untyped                 ;
; PORT_CONFIGUPDATE             ; PORT_UNUSED               ; Untyped                 ;
; PORT_FBOUT                    ; PORT_CONNECTIVITY         ; Untyped                 ;
; PORT_PHASEDONE                ; PORT_UNUSED               ; Untyped                 ;
; PORT_PHASESTEP                ; PORT_UNUSED               ; Untyped                 ;
; PORT_PHASEUPDOWN              ; PORT_UNUSED               ; Untyped                 ;
; PORT_SCANCLKENA               ; PORT_UNUSED               ; Untyped                 ;
; PORT_PHASECOUNTERSELECT       ; PORT_UNUSED               ; Untyped                 ;
; PORT_VCOOVERRANGE             ; PORT_CONNECTIVITY         ; Untyped                 ;
; PORT_VCOUNDERRANGE            ; PORT_CONNECTIVITY         ; Untyped                 ;
; M_TEST_SOURCE                 ; 5                         ; Untyped                 ;
; C0_TEST_SOURCE                ; 5                         ; Untyped                 ;
; C1_TEST_SOURCE                ; 5                         ; Untyped                 ;
; C2_TEST_SOURCE                ; 5                         ; Untyped                 ;
; C3_TEST_SOURCE                ; 5                         ; Untyped                 ;
; C4_TEST_SOURCE                ; 5                         ; Untyped                 ;
; C5_TEST_SOURCE                ; 5                         ; Untyped                 ;
; C6_TEST_SOURCE                ; 5                         ; Untyped                 ;
; C7_TEST_SOURCE                ; 5                         ; Untyped                 ;
; C8_TEST_SOURCE                ; 5                         ; Untyped                 ;
; C9_TEST_SOURCE                ; 5                         ; Untyped                 ;
; CBXI_PARAMETER                ; PLL_VGA_altpll            ; Untyped                 ;
; VCO_FREQUENCY_CONTROL         ; AUTO                      ; Untyped                 ;
; VCO_PHASE_SHIFT_STEP          ; 0                         ; Untyped                 ;
; WIDTH_CLOCK                   ; 5                         ; Signed Integer          ;
; WIDTH_PHASECOUNTERSELECT      ; 4                         ; Untyped                 ;
; USING_FBMIMICBIDIR_PORT       ; OFF                       ; Untyped                 ;
; DEVICE_FAMILY                 ; MAX 10                    ; Untyped                 ;
; SCAN_CHAIN_MIF_FILE           ; UNUSED                    ; Untyped                 ;
; SIM_GATE_LOCK_DEVICE_BEHAVIOR ; OFF                       ; Untyped                 ;
; AUTO_CARRY_CHAINS             ; ON                        ; AUTO_CARRY              ;
; IGNORE_CARRY_BUFFERS          ; OFF                       ; IGNORE_CARRY            ;
; AUTO_CASCADE_CHAINS           ; ON                        ; AUTO_CASCADE            ;
; IGNORE_CASCADE_BUFFERS        ; OFF                       ; IGNORE_CASCADE          ;
+-------------------------------+---------------------------+-------------------------+
Note: In order to hide this table in the UI and the text report file, please set the "Show Parameter Settings in Synthesis Report" option in "Analysis and Synthesis Settings -> More Settings" to "Off".


+------------------------------------------------------------------------+
; altpll Parameter Settings by Entity Instance                           ;
+-------------------------------+----------------------------------------+
; Name                          ; Value                                  ;
+-------------------------------+----------------------------------------+
; Number of entity instances    ; 1                                      ;
; Entity Instance               ; PLL_VGA:VGAPLL|altpll:altpll_component ;
;     -- OPERATION_MODE         ; NORMAL                                 ;
;     -- PLL_TYPE               ; AUTO                                   ;
;     -- PRIMARY_CLOCK          ; INCLK0                                 ;
;     -- INCLK0_INPUT_FREQUENCY ; 20000                                  ;
;     -- INCLK1_INPUT_FREQUENCY ; 0                                      ;
;     -- VCO_MULTIPLY_BY        ; 0                                      ;
;     -- VCO_DIVIDE_BY          ; 0                                      ;
+-------------------------------+----------------------------------------+


+-----------------------------------------------------+
; Post-Synthesis Netlist Statistics for Top Partition ;
+-----------------------+-----------------------------+
; Type                  ; Count                       ;
+-----------------------+-----------------------------+
; boundary_port         ; 21                          ;
; cycloneiii_ff         ; 155                         ;
;     CLR               ; 14                          ;
;     CLR SCLR          ; 32                          ;
;     ENA               ; 46                          ;
;     ENA CLR           ; 31                          ;
;     ENA CLR SCLR      ; 32                          ;
; cycloneiii_lcell_comb ; 321                         ;
;     arith             ; 123                         ;
;         2 data inputs ; 122                         ;
;         3 data inputs ; 1                           ;
;     normal            ; 198                         ;
;         1 data inputs ; 6                           ;
;         2 data inputs ; 47                          ;
;         3 data inputs ; 63                          ;
;         4 data inputs ; 82                          ;
; cycloneiii_pll        ; 1                           ;
;                       ;                             ;
; Max LUT depth         ; 7.00                        ;
; Average LUT depth     ; 4.02                        ;
+-----------------------+-----------------------------+


+-------------------------------+
; Elapsed Time Per Partition    ;
+----------------+--------------+
; Partition Name ; Elapsed Time ;
+----------------+--------------+
; Top            ; 00:00:03     ;
+----------------+--------------+


+-------------------------------+
; Analysis & Synthesis Messages ;
+-------------------------------+
Info: *******************************************************************
Info: Running Quartus Prime Analysis & Synthesis
    Info: Version 18.0.0 Build 614 04/24/2018 SJ Lite Edition
    Info: Processing started: Thu Nov 08 00:57:46 2018
Info: Command: quartus_map --read_settings_files=on --write_settings_files=off VGA -c VGA
Warning (18236): Number of processors has not been specified which may cause overloading on shared machines.  Set the global assignment NUM_PARALLEL_PROCESSORS in your QSF to an appropriate value for best performance.
Info (20029): Only one processor detected - disabling parallel compilation
Info (12021): Found 2 design units, including 1 entities, in source file sync_tb.vhd
    Info (12022): Found design unit 1: sync_test-test File: G:/My Drive/School/Fall_2018/ECE_5930_Reconfigurable_Computing/DE10-Lite_v.2.0.2_SystemCD (1)/Tools/SystemBuilder/CodeGenerated/DE10_LITE/VGA/Sync_tb.vhd Line: 9
    Info (12023): Found entity 1: sync_test File: G:/My Drive/School/Fall_2018/ECE_5930_Reconfigurable_Computing/DE10-Lite_v.2.0.2_SystemCD (1)/Tools/SystemBuilder/CodeGenerated/DE10_LITE/VGA/Sync_tb.vhd Line: 4
Info (12021): Found 2 design units, including 1 entities, in source file vga.vhd
    Info (12022): Found design unit 1: VGA-RTL File: G:/My Drive/School/Fall_2018/ECE_5930_Reconfigurable_Computing/DE10-Lite_v.2.0.2_SystemCD (1)/Tools/SystemBuilder/CodeGenerated/DE10_LITE/VGA/VGA.vhd Line: 22
    Info (12023): Found entity 1: VGA File: G:/My Drive/School/Fall_2018/ECE_5930_Reconfigurable_Computing/DE10-Lite_v.2.0.2_SystemCD (1)/Tools/SystemBuilder/CodeGenerated/DE10_LITE/VGA/VGA.vhd Line: 4
Info (12021): Found 2 design units, including 1 entities, in source file sync.vhd
    Info (12022): Found design unit 1: sync-RTL File: G:/My Drive/School/Fall_2018/ECE_5930_Reconfigurable_Computing/DE10-Lite_v.2.0.2_SystemCD (1)/Tools/SystemBuilder/CodeGenerated/DE10_LITE/VGA/sync.vhd Line: 19
    Info (12023): Found entity 1: sync File: G:/My Drive/School/Fall_2018/ECE_5930_Reconfigurable_Computing/DE10-Lite_v.2.0.2_SystemCD (1)/Tools/SystemBuilder/CodeGenerated/DE10_LITE/VGA/sync.vhd Line: 4
Info (12021): Found 2 design units, including 1 entities, in source file pll_vga.vhd
    Info (12022): Found design unit 1: pll_vga-SYN File: G:/My Drive/School/Fall_2018/ECE_5930_Reconfigurable_Computing/DE10-Lite_v.2.0.2_SystemCD (1)/Tools/SystemBuilder/CodeGenerated/DE10_LITE/VGA/PLL_VGA.vhd Line: 51
    Info (12023): Found entity 1: PLL_VGA File: G:/My Drive/School/Fall_2018/ECE_5930_Reconfigurable_Computing/DE10-Lite_v.2.0.2_SystemCD (1)/Tools/SystemBuilder/CodeGenerated/DE10_LITE/VGA/PLL_VGA.vhd Line: 42
Info (12127): Elaborating entity "VGA" for the top level hierarchy
Info (12128): Elaborating entity "PLL_VGA" for hierarchy "PLL_VGA:VGAPLL" File: G:/My Drive/School/Fall_2018/ECE_5930_Reconfigurable_Computing/DE10-Lite_v.2.0.2_SystemCD (1)/Tools/SystemBuilder/CodeGenerated/DE10_LITE/VGA/VGA.vhd Line: 55
Info (12128): Elaborating entity "altpll" for hierarchy "PLL_VGA:VGAPLL|altpll:altpll_component" File: G:/My Drive/School/Fall_2018/ECE_5930_Reconfigurable_Computing/DE10-Lite_v.2.0.2_SystemCD (1)/Tools/SystemBuilder/CodeGenerated/DE10_LITE/VGA/PLL_VGA.vhd Line: 133
Info (12130): Elaborated megafunction instantiation "PLL_VGA:VGAPLL|altpll:altpll_component" File: G:/My Drive/School/Fall_2018/ECE_5930_Reconfigurable_Computing/DE10-Lite_v.2.0.2_SystemCD (1)/Tools/SystemBuilder/CodeGenerated/DE10_LITE/VGA/PLL_VGA.vhd Line: 133
Info (12133): Instantiated megafunction "PLL_VGA:VGAPLL|altpll:altpll_component" with the following parameter: File: G:/My Drive/School/Fall_2018/ECE_5930_Reconfigurable_Computing/DE10-Lite_v.2.0.2_SystemCD (1)/Tools/SystemBuilder/CodeGenerated/DE10_LITE/VGA/PLL_VGA.vhd Line: 133
    Info (12134): Parameter "bandwidth_type" = "AUTO"
    Info (12134): Parameter "clk0_divide_by" = "25000000"
    Info (12134): Parameter "clk0_duty_cycle" = "50"
    Info (12134): Parameter "clk0_multiply_by" = "12587483"
    Info (12134): Parameter "clk0_phase_shift" = "0"
    Info (12134): Parameter "compensate_clock" = "CLK0"
    Info (12134): Parameter "inclk0_input_frequency" = "20000"
    Info (12134): Parameter "intended_device_family" = "MAX 10"
    Info (12134): Parameter "lpm_hint" = "CBX_MODULE_PREFIX=PLL_VGA"
    Info (12134): Parameter "lpm_type" = "altpll"
    Info (12134): Parameter "operation_mode" = "NORMAL"
    Info (12134): Parameter "pll_type" = "AUTO"
    Info (12134): Parameter "port_activeclock" = "PORT_UNUSED"
    Info (12134): Parameter "port_areset" = "PORT_UNUSED"
    Info (12134): Parameter "port_clkbad0" = "PORT_UNUSED"
    Info (12134): Parameter "port_clkbad1" = "PORT_UNUSED"
    Info (12134): Parameter "port_clkloss" = "PORT_UNUSED"
    Info (12134): Parameter "port_clkswitch" = "PORT_UNUSED"
    Info (12134): Parameter "port_configupdate" = "PORT_UNUSED"
    Info (12134): Parameter "port_fbin" = "PORT_UNUSED"
    Info (12134): Parameter "port_inclk0" = "PORT_USED"
    Info (12134): Parameter "port_inclk1" = "PORT_UNUSED"
    Info (12134): Parameter "port_locked" = "PORT_UNUSED"
    Info (12134): Parameter "port_pfdena" = "PORT_UNUSED"
    Info (12134): Parameter "port_phasecounterselect" = "PORT_UNUSED"
    Info (12134): Parameter "port_phasedone" = "PORT_UNUSED"
    Info (12134): Parameter "port_phasestep" = "PORT_UNUSED"
    Info (12134): Parameter "port_phaseupdown" = "PORT_UNUSED"
    Info (12134): Parameter "port_pllena" = "PORT_UNUSED"
    Info (12134): Parameter "port_scanaclr" = "PORT_UNUSED"
    Info (12134): Parameter "port_scanclk" = "PORT_UNUSED"
    Info (12134): Parameter "port_scanclkena" = "PORT_UNUSED"
    Info (12134): Parameter "port_scandata" = "PORT_UNUSED"
    Info (12134): Parameter "port_scandataout" = "PORT_UNUSED"
    Info (12134): Parameter "port_scandone" = "PORT_UNUSED"
    Info (12134): Parameter "port_scanread" = "PORT_UNUSED"
    Info (12134): Parameter "port_scanwrite" = "PORT_UNUSED"
    Info (12134): Parameter "port_clk0" = "PORT_USED"
    Info (12134): Parameter "port_clk1" = "PORT_UNUSED"
    Info (12134): Parameter "port_clk2" = "PORT_UNUSED"
    Info (12134): Parameter "port_clk3" = "PORT_UNUSED"
    Info (12134): Parameter "port_clk4" = "PORT_UNUSED"
    Info (12134): Parameter "port_clk5" = "PORT_UNUSED"
    Info (12134): Parameter "port_clkena0" = "PORT_UNUSED"
    Info (12134): Parameter "port_clkena1" = "PORT_UNUSED"
    Info (12134): Parameter "port_clkena2" = "PORT_UNUSED"
    Info (12134): Parameter "port_clkena3" = "PORT_UNUSED"
    Info (12134): Parameter "port_clkena4" = "PORT_UNUSED"
    Info (12134): Parameter "port_clkena5" = "PORT_UNUSED"
    Info (12134): Parameter "port_extclk0" = "PORT_UNUSED"
    Info (12134): Parameter "port_extclk1" = "PORT_UNUSED"
    Info (12134): Parameter "port_extclk2" = "PORT_UNUSED"
    Info (12134): Parameter "port_extclk3" = "PORT_UNUSED"
    Info (12134): Parameter "width_clock" = "5"
Info (12021): Found 1 design units, including 1 entities, in source file db/pll_vga_altpll.v
    Info (12023): Found entity 1: PLL_VGA_altpll File: G:/My Drive/School/Fall_2018/ECE_5930_Reconfigurable_Computing/DE10-Lite_v.2.0.2_SystemCD (1)/Tools/SystemBuilder/CodeGenerated/DE10_LITE/VGA/db/pll_vga_altpll.v Line: 29
Info (12128): Elaborating entity "PLL_VGA_altpll" for hierarchy "PLL_VGA:VGAPLL|altpll:altpll_component|PLL_VGA_altpll:auto_generated" File: c:/intelfpga_lite/18.0/quartus/libraries/megafunctions/altpll.tdf Line: 897
Info (12128): Elaborating entity "sync" for hierarchy "sync:sync1" File: G:/My Drive/School/Fall_2018/ECE_5930_Reconfigurable_Computing/DE10-Lite_v.2.0.2_SystemCD (1)/Tools/SystemBuilder/CodeGenerated/DE10_LITE/VGA/VGA.vhd Line: 63
Warning (10492): VHDL Process Statement warning at sync.vhd(70): signal "reset" is read inside the Process Statement but isn't in the Process Statement's sensitivity list File: G:/My Drive/School/Fall_2018/ECE_5930_Reconfigurable_Computing/DE10-Lite_v.2.0.2_SystemCD (1)/Tools/SystemBuilder/CodeGenerated/DE10_LITE/VGA/sync.vhd Line: 70
Warning (10492): VHDL Process Statement warning at sync.vhd(73): signal "nflag" is read inside the Process Statement but isn't in the Process Statement's sensitivity list File: G:/My Drive/School/Fall_2018/ECE_5930_Reconfigurable_Computing/DE10-Lite_v.2.0.2_SystemCD (1)/Tools/SystemBuilder/CodeGenerated/DE10_LITE/VGA/sync.vhd Line: 73
Warning (10492): VHDL Process Statement warning at sync.vhd(109): signal "flag" is read inside the Process Statement but isn't in the Process Statement's sensitivity list File: G:/My Drive/School/Fall_2018/ECE_5930_Reconfigurable_Computing/DE10-Lite_v.2.0.2_SystemCD (1)/Tools/SystemBuilder/CodeGenerated/DE10_LITE/VGA/sync.vhd Line: 109
Warning (10631): VHDL Process Statement warning at sync.vhd(64): inferring latch(es) for signal or variable "nflag", which holds its previous value in one or more paths through the process File: G:/My Drive/School/Fall_2018/ECE_5930_Reconfigurable_Computing/DE10-Lite_v.2.0.2_SystemCD (1)/Tools/SystemBuilder/CodeGenerated/DE10_LITE/VGA/sync.vhd Line: 64
Warning (10631): VHDL Process Statement warning at sync.vhd(64): inferring latch(es) for signal or variable "flag", which holds its previous value in one or more paths through the process File: G:/My Drive/School/Fall_2018/ECE_5930_Reconfigurable_Computing/DE10-Lite_v.2.0.2_SystemCD (1)/Tools/SystemBuilder/CodeGenerated/DE10_LITE/VGA/sync.vhd Line: 64
Warning (10631): VHDL Process Statement warning at sync.vhd(330): inferring latch(es) for signal or variable "npixelCount2", which holds its previous value in one or more paths through the process File: G:/My Drive/School/Fall_2018/ECE_5930_Reconfigurable_Computing/DE10-Lite_v.2.0.2_SystemCD (1)/Tools/SystemBuilder/CodeGenerated/DE10_LITE/VGA/sync.vhd Line: 330
Info (10041): Inferred latch for "npixelCount2[0]" at sync.vhd(330) File: G:/My Drive/School/Fall_2018/ECE_5930_Reconfigurable_Computing/DE10-Lite_v.2.0.2_SystemCD (1)/Tools/SystemBuilder/CodeGenerated/DE10_LITE/VGA/sync.vhd Line: 330
Info (10041): Inferred latch for "npixelCount2[1]" at sync.vhd(330) File: G:/My Drive/School/Fall_2018/ECE_5930_Reconfigurable_Computing/DE10-Lite_v.2.0.2_SystemCD (1)/Tools/SystemBuilder/CodeGenerated/DE10_LITE/VGA/sync.vhd Line: 330
Info (10041): Inferred latch for "npixelCount2[2]" at sync.vhd(330) File: G:/My Drive/School/Fall_2018/ECE_5930_Reconfigurable_Computing/DE10-Lite_v.2.0.2_SystemCD (1)/Tools/SystemBuilder/CodeGenerated/DE10_LITE/VGA/sync.vhd Line: 330
Info (10041): Inferred latch for "npixelCount2[3]" at sync.vhd(330) File: G:/My Drive/School/Fall_2018/ECE_5930_Reconfigurable_Computing/DE10-Lite_v.2.0.2_SystemCD (1)/Tools/SystemBuilder/CodeGenerated/DE10_LITE/VGA/sync.vhd Line: 330
Info (10041): Inferred latch for "npixelCount2[4]" at sync.vhd(330) File: G:/My Drive/School/Fall_2018/ECE_5930_Reconfigurable_Computing/DE10-Lite_v.2.0.2_SystemCD (1)/Tools/SystemBuilder/CodeGenerated/DE10_LITE/VGA/sync.vhd Line: 330
Info (10041): Inferred latch for "npixelCount2[5]" at sync.vhd(330) File: G:/My Drive/School/Fall_2018/ECE_5930_Reconfigurable_Computing/DE10-Lite_v.2.0.2_SystemCD (1)/Tools/SystemBuilder/CodeGenerated/DE10_LITE/VGA/sync.vhd Line: 330
Info (10041): Inferred latch for "npixelCount2[6]" at sync.vhd(330) File: G:/My Drive/School/Fall_2018/ECE_5930_Reconfigurable_Computing/DE10-Lite_v.2.0.2_SystemCD (1)/Tools/SystemBuilder/CodeGenerated/DE10_LITE/VGA/sync.vhd Line: 330
Info (10041): Inferred latch for "npixelCount2[7]" at sync.vhd(330) File: G:/My Drive/School/Fall_2018/ECE_5930_Reconfigurable_Computing/DE10-Lite_v.2.0.2_SystemCD (1)/Tools/SystemBuilder/CodeGenerated/DE10_LITE/VGA/sync.vhd Line: 330
Info (10041): Inferred latch for "npixelCount2[8]" at sync.vhd(330) File: G:/My Drive/School/Fall_2018/ECE_5930_Reconfigurable_Computing/DE10-Lite_v.2.0.2_SystemCD (1)/Tools/SystemBuilder/CodeGenerated/DE10_LITE/VGA/sync.vhd Line: 330
Info (10041): Inferred latch for "npixelCount2[9]" at sync.vhd(330) File: G:/My Drive/School/Fall_2018/ECE_5930_Reconfigurable_Computing/DE10-Lite_v.2.0.2_SystemCD (1)/Tools/SystemBuilder/CodeGenerated/DE10_LITE/VGA/sync.vhd Line: 330
Info (10041): Inferred latch for "npixelCount2[10]" at sync.vhd(330) File: G:/My Drive/School/Fall_2018/ECE_5930_Reconfigurable_Computing/DE10-Lite_v.2.0.2_SystemCD (1)/Tools/SystemBuilder/CodeGenerated/DE10_LITE/VGA/sync.vhd Line: 330
Info (10041): Inferred latch for "npixelCount2[11]" at sync.vhd(330) File: G:/My Drive/School/Fall_2018/ECE_5930_Reconfigurable_Computing/DE10-Lite_v.2.0.2_SystemCD (1)/Tools/SystemBuilder/CodeGenerated/DE10_LITE/VGA/sync.vhd Line: 330
Info (10041): Inferred latch for "npixelCount2[12]" at sync.vhd(330) File: G:/My Drive/School/Fall_2018/ECE_5930_Reconfigurable_Computing/DE10-Lite_v.2.0.2_SystemCD (1)/Tools/SystemBuilder/CodeGenerated/DE10_LITE/VGA/sync.vhd Line: 330
Info (10041): Inferred latch for "npixelCount2[13]" at sync.vhd(330) File: G:/My Drive/School/Fall_2018/ECE_5930_Reconfigurable_Computing/DE10-Lite_v.2.0.2_SystemCD (1)/Tools/SystemBuilder/CodeGenerated/DE10_LITE/VGA/sync.vhd Line: 330
Info (10041): Inferred latch for "npixelCount2[14]" at sync.vhd(330) File: G:/My Drive/School/Fall_2018/ECE_5930_Reconfigurable_Computing/DE10-Lite_v.2.0.2_SystemCD (1)/Tools/SystemBuilder/CodeGenerated/DE10_LITE/VGA/sync.vhd Line: 330
Info (10041): Inferred latch for "npixelCount2[15]" at sync.vhd(330) File: G:/My Drive/School/Fall_2018/ECE_5930_Reconfigurable_Computing/DE10-Lite_v.2.0.2_SystemCD (1)/Tools/SystemBuilder/CodeGenerated/DE10_LITE/VGA/sync.vhd Line: 330
Info (10041): Inferred latch for "npixelCount2[16]" at sync.vhd(330) File: G:/My Drive/School/Fall_2018/ECE_5930_Reconfigurable_Computing/DE10-Lite_v.2.0.2_SystemCD (1)/Tools/SystemBuilder/CodeGenerated/DE10_LITE/VGA/sync.vhd Line: 330
Info (10041): Inferred latch for "npixelCount2[17]" at sync.vhd(330) File: G:/My Drive/School/Fall_2018/ECE_5930_Reconfigurable_Computing/DE10-Lite_v.2.0.2_SystemCD (1)/Tools/SystemBuilder/CodeGenerated/DE10_LITE/VGA/sync.vhd Line: 330
Info (10041): Inferred latch for "npixelCount2[18]" at sync.vhd(330) File: G:/My Drive/School/Fall_2018/ECE_5930_Reconfigurable_Computing/DE10-Lite_v.2.0.2_SystemCD (1)/Tools/SystemBuilder/CodeGenerated/DE10_LITE/VGA/sync.vhd Line: 330
Info (10041): Inferred latch for "npixelCount2[19]" at sync.vhd(330) File: G:/My Drive/School/Fall_2018/ECE_5930_Reconfigurable_Computing/DE10-Lite_v.2.0.2_SystemCD (1)/Tools/SystemBuilder/CodeGenerated/DE10_LITE/VGA/sync.vhd Line: 330
Info (10041): Inferred latch for "npixelCount2[20]" at sync.vhd(330) File: G:/My Drive/School/Fall_2018/ECE_5930_Reconfigurable_Computing/DE10-Lite_v.2.0.2_SystemCD (1)/Tools/SystemBuilder/CodeGenerated/DE10_LITE/VGA/sync.vhd Line: 330
Info (10041): Inferred latch for "npixelCount2[21]" at sync.vhd(330) File: G:/My Drive/School/Fall_2018/ECE_5930_Reconfigurable_Computing/DE10-Lite_v.2.0.2_SystemCD (1)/Tools/SystemBuilder/CodeGenerated/DE10_LITE/VGA/sync.vhd Line: 330
Info (10041): Inferred latch for "npixelCount2[22]" at sync.vhd(330) File: G:/My Drive/School/Fall_2018/ECE_5930_Reconfigurable_Computing/DE10-Lite_v.2.0.2_SystemCD (1)/Tools/SystemBuilder/CodeGenerated/DE10_LITE/VGA/sync.vhd Line: 330
Info (10041): Inferred latch for "npixelCount2[23]" at sync.vhd(330) File: G:/My Drive/School/Fall_2018/ECE_5930_Reconfigurable_Computing/DE10-Lite_v.2.0.2_SystemCD (1)/Tools/SystemBuilder/CodeGenerated/DE10_LITE/VGA/sync.vhd Line: 330
Info (10041): Inferred latch for "npixelCount2[24]" at sync.vhd(330) File: G:/My Drive/School/Fall_2018/ECE_5930_Reconfigurable_Computing/DE10-Lite_v.2.0.2_SystemCD (1)/Tools/SystemBuilder/CodeGenerated/DE10_LITE/VGA/sync.vhd Line: 330
Info (10041): Inferred latch for "npixelCount2[25]" at sync.vhd(330) File: G:/My Drive/School/Fall_2018/ECE_5930_Reconfigurable_Computing/DE10-Lite_v.2.0.2_SystemCD (1)/Tools/SystemBuilder/CodeGenerated/DE10_LITE/VGA/sync.vhd Line: 330
Info (10041): Inferred latch for "npixelCount2[26]" at sync.vhd(330) File: G:/My Drive/School/Fall_2018/ECE_5930_Reconfigurable_Computing/DE10-Lite_v.2.0.2_SystemCD (1)/Tools/SystemBuilder/CodeGenerated/DE10_LITE/VGA/sync.vhd Line: 330
Info (10041): Inferred latch for "npixelCount2[27]" at sync.vhd(330) File: G:/My Drive/School/Fall_2018/ECE_5930_Reconfigurable_Computing/DE10-Lite_v.2.0.2_SystemCD (1)/Tools/SystemBuilder/CodeGenerated/DE10_LITE/VGA/sync.vhd Line: 330
Info (10041): Inferred latch for "npixelCount2[28]" at sync.vhd(330) File: G:/My Drive/School/Fall_2018/ECE_5930_Reconfigurable_Computing/DE10-Lite_v.2.0.2_SystemCD (1)/Tools/SystemBuilder/CodeGenerated/DE10_LITE/VGA/sync.vhd Line: 330
Info (10041): Inferred latch for "npixelCount2[29]" at sync.vhd(330) File: G:/My Drive/School/Fall_2018/ECE_5930_Reconfigurable_Computing/DE10-Lite_v.2.0.2_SystemCD (1)/Tools/SystemBuilder/CodeGenerated/DE10_LITE/VGA/sync.vhd Line: 330
Info (10041): Inferred latch for "npixelCount2[30]" at sync.vhd(330) File: G:/My Drive/School/Fall_2018/ECE_5930_Reconfigurable_Computing/DE10-Lite_v.2.0.2_SystemCD (1)/Tools/SystemBuilder/CodeGenerated/DE10_LITE/VGA/sync.vhd Line: 330
Info (10041): Inferred latch for "npixelCount2[31]" at sync.vhd(330) File: G:/My Drive/School/Fall_2018/ECE_5930_Reconfigurable_Computing/DE10-Lite_v.2.0.2_SystemCD (1)/Tools/SystemBuilder/CodeGenerated/DE10_LITE/VGA/sync.vhd Line: 330
Info (10041): Inferred latch for "flag.ivoryCoast" at sync.vhd(64) File: G:/My Drive/School/Fall_2018/ECE_5930_Reconfigurable_Computing/DE10-Lite_v.2.0.2_SystemCD (1)/Tools/SystemBuilder/CodeGenerated/DE10_LITE/VGA/sync.vhd Line: 64
Info (10041): Inferred latch for "flag.nigeria" at sync.vhd(64) File: G:/My Drive/School/Fall_2018/ECE_5930_Reconfigurable_Computing/DE10-Lite_v.2.0.2_SystemCD (1)/Tools/SystemBuilder/CodeGenerated/DE10_LITE/VGA/sync.vhd Line: 64
Info (10041): Inferred latch for "flag.chad" at sync.vhd(64) File: G:/My Drive/School/Fall_2018/ECE_5930_Reconfigurable_Computing/DE10-Lite_v.2.0.2_SystemCD (1)/Tools/SystemBuilder/CodeGenerated/DE10_LITE/VGA/sync.vhd Line: 64
Info (10041): Inferred latch for "flag.mali" at sync.vhd(64) File: G:/My Drive/School/Fall_2018/ECE_5930_Reconfigurable_Computing/DE10-Lite_v.2.0.2_SystemCD (1)/Tools/SystemBuilder/CodeGenerated/DE10_LITE/VGA/sync.vhd Line: 64
Info (10041): Inferred latch for "flag.belgium" at sync.vhd(64) File: G:/My Drive/School/Fall_2018/ECE_5930_Reconfigurable_Computing/DE10-Lite_v.2.0.2_SystemCD (1)/Tools/SystemBuilder/CodeGenerated/DE10_LITE/VGA/sync.vhd Line: 64
Info (10041): Inferred latch for "flag.ireland" at sync.vhd(64) File: G:/My Drive/School/Fall_2018/ECE_5930_Reconfigurable_Computing/DE10-Lite_v.2.0.2_SystemCD (1)/Tools/SystemBuilder/CodeGenerated/DE10_LITE/VGA/sync.vhd Line: 64
Info (10041): Inferred latch for "flag.italy" at sync.vhd(64) File: G:/My Drive/School/Fall_2018/ECE_5930_Reconfigurable_Computing/DE10-Lite_v.2.0.2_SystemCD (1)/Tools/SystemBuilder/CodeGenerated/DE10_LITE/VGA/sync.vhd Line: 64
Info (10041): Inferred latch for "flag.france" at sync.vhd(64) File: G:/My Drive/School/Fall_2018/ECE_5930_Reconfigurable_Computing/DE10-Lite_v.2.0.2_SystemCD (1)/Tools/SystemBuilder/CodeGenerated/DE10_LITE/VGA/sync.vhd Line: 64
Info (10041): Inferred latch for "nflag.ivoryCoast" at sync.vhd(64) File: G:/My Drive/School/Fall_2018/ECE_5930_Reconfigurable_Computing/DE10-Lite_v.2.0.2_SystemCD (1)/Tools/SystemBuilder/CodeGenerated/DE10_LITE/VGA/sync.vhd Line: 64
Info (10041): Inferred latch for "nflag.nigeria" at sync.vhd(64) File: G:/My Drive/School/Fall_2018/ECE_5930_Reconfigurable_Computing/DE10-Lite_v.2.0.2_SystemCD (1)/Tools/SystemBuilder/CodeGenerated/DE10_LITE/VGA/sync.vhd Line: 64
Info (10041): Inferred latch for "nflag.chad" at sync.vhd(64) File: G:/My Drive/School/Fall_2018/ECE_5930_Reconfigurable_Computing/DE10-Lite_v.2.0.2_SystemCD (1)/Tools/SystemBuilder/CodeGenerated/DE10_LITE/VGA/sync.vhd Line: 64
Info (10041): Inferred latch for "nflag.mali" at sync.vhd(64) File: G:/My Drive/School/Fall_2018/ECE_5930_Reconfigurable_Computing/DE10-Lite_v.2.0.2_SystemCD (1)/Tools/SystemBuilder/CodeGenerated/DE10_LITE/VGA/sync.vhd Line: 64
Info (10041): Inferred latch for "nflag.belgium" at sync.vhd(64) File: G:/My Drive/School/Fall_2018/ECE_5930_Reconfigurable_Computing/DE10-Lite_v.2.0.2_SystemCD (1)/Tools/SystemBuilder/CodeGenerated/DE10_LITE/VGA/sync.vhd Line: 64
Info (10041): Inferred latch for "nflag.ireland" at sync.vhd(64) File: G:/My Drive/School/Fall_2018/ECE_5930_Reconfigurable_Computing/DE10-Lite_v.2.0.2_SystemCD (1)/Tools/SystemBuilder/CodeGenerated/DE10_LITE/VGA/sync.vhd Line: 64
Info (10041): Inferred latch for "nflag.italy" at sync.vhd(64) File: G:/My Drive/School/Fall_2018/ECE_5930_Reconfigurable_Computing/DE10-Lite_v.2.0.2_SystemCD (1)/Tools/SystemBuilder/CodeGenerated/DE10_LITE/VGA/sync.vhd Line: 64
Info (10041): Inferred latch for "nflag.france" at sync.vhd(64) File: G:/My Drive/School/Fall_2018/ECE_5930_Reconfigurable_Computing/DE10-Lite_v.2.0.2_SystemCD (1)/Tools/SystemBuilder/CodeGenerated/DE10_LITE/VGA/sync.vhd Line: 64
Warning (13012): Latch sync:sync1|nflag.ivoryCoast_2344 has unsafe behavior File: G:/My Drive/School/Fall_2018/ECE_5930_Reconfigurable_Computing/DE10-Lite_v.2.0.2_SystemCD (1)/Tools/SystemBuilder/CodeGenerated/DE10_LITE/VGA/sync.vhd Line: 64
    Warning (13013): Ports D and ENA on the latch are fed by the same signal sync:sync1|PS.ACC File: G:/My Drive/School/Fall_2018/ECE_5930_Reconfigurable_Computing/DE10-Lite_v.2.0.2_SystemCD (1)/Tools/SystemBuilder/CodeGenerated/DE10_LITE/VGA/sync.vhd Line: 45
Warning (13012): Latch sync:sync1|nflag.nigeria_2353 has unsafe behavior File: G:/My Drive/School/Fall_2018/ECE_5930_Reconfigurable_Computing/DE10-Lite_v.2.0.2_SystemCD (1)/Tools/SystemBuilder/CodeGenerated/DE10_LITE/VGA/sync.vhd Line: 64
    Warning (13013): Ports D and ENA on the latch are fed by the same signal sync:sync1|PS.ACC File: G:/My Drive/School/Fall_2018/ECE_5930_Reconfigurable_Computing/DE10-Lite_v.2.0.2_SystemCD (1)/Tools/SystemBuilder/CodeGenerated/DE10_LITE/VGA/sync.vhd Line: 45
Warning (13012): Latch sync:sync1|nflag.chad_2362 has unsafe behavior File: G:/My Drive/School/Fall_2018/ECE_5930_Reconfigurable_Computing/DE10-Lite_v.2.0.2_SystemCD (1)/Tools/SystemBuilder/CodeGenerated/DE10_LITE/VGA/sync.vhd Line: 64
    Warning (13013): Ports D and ENA on the latch are fed by the same signal sync:sync1|PS.ACC File: G:/My Drive/School/Fall_2018/ECE_5930_Reconfigurable_Computing/DE10-Lite_v.2.0.2_SystemCD (1)/Tools/SystemBuilder/CodeGenerated/DE10_LITE/VGA/sync.vhd Line: 45
Warning (13012): Latch sync:sync1|nflag.ireland_2389 has unsafe behavior File: G:/My Drive/School/Fall_2018/ECE_5930_Reconfigurable_Computing/DE10-Lite_v.2.0.2_SystemCD (1)/Tools/SystemBuilder/CodeGenerated/DE10_LITE/VGA/sync.vhd Line: 64
    Warning (13013): Ports D and ENA on the latch are fed by the same signal sync:sync1|PS.ACC File: G:/My Drive/School/Fall_2018/ECE_5930_Reconfigurable_Computing/DE10-Lite_v.2.0.2_SystemCD (1)/Tools/SystemBuilder/CodeGenerated/DE10_LITE/VGA/sync.vhd Line: 45
Warning (13012): Latch sync:sync1|nflag.italy_2398 has unsafe behavior File: G:/My Drive/School/Fall_2018/ECE_5930_Reconfigurable_Computing/DE10-Lite_v.2.0.2_SystemCD (1)/Tools/SystemBuilder/CodeGenerated/DE10_LITE/VGA/sync.vhd Line: 64
    Warning (13013): Ports D and ENA on the latch are fed by the same signal sync:sync1|PS.ACC File: G:/My Drive/School/Fall_2018/ECE_5930_Reconfigurable_Computing/DE10-Lite_v.2.0.2_SystemCD (1)/Tools/SystemBuilder/CodeGenerated/DE10_LITE/VGA/sync.vhd Line: 45
Warning (13012): Latch sync:sync1|nflag.france_2407 has unsafe behavior File: G:/My Drive/School/Fall_2018/ECE_5930_Reconfigurable_Computing/DE10-Lite_v.2.0.2_SystemCD (1)/Tools/SystemBuilder/CodeGenerated/DE10_LITE/VGA/sync.vhd Line: 64
    Warning (13013): Ports D and ENA on the latch are fed by the same signal sync:sync1|PS.ACC File: G:/My Drive/School/Fall_2018/ECE_5930_Reconfigurable_Computing/DE10-Lite_v.2.0.2_SystemCD (1)/Tools/SystemBuilder/CodeGenerated/DE10_LITE/VGA/sync.vhd Line: 45
Warning (13012): Latch sync:sync1|nflag.mali_2371 has unsafe behavior File: G:/My Drive/School/Fall_2018/ECE_5930_Reconfigurable_Computing/DE10-Lite_v.2.0.2_SystemCD (1)/Tools/SystemBuilder/CodeGenerated/DE10_LITE/VGA/sync.vhd Line: 64
    Warning (13013): Ports D and ENA on the latch are fed by the same signal sync:sync1|PS.ACC File: G:/My Drive/School/Fall_2018/ECE_5930_Reconfigurable_Computing/DE10-Lite_v.2.0.2_SystemCD (1)/Tools/SystemBuilder/CodeGenerated/DE10_LITE/VGA/sync.vhd Line: 45
Warning (13012): Latch sync:sync1|nflag.belgium_2380 has unsafe behavior File: G:/My Drive/School/Fall_2018/ECE_5930_Reconfigurable_Computing/DE10-Lite_v.2.0.2_SystemCD (1)/Tools/SystemBuilder/CodeGenerated/DE10_LITE/VGA/sync.vhd Line: 64
    Warning (13013): Ports D and ENA on the latch are fed by the same signal sync:sync1|PS.ACC File: G:/My Drive/School/Fall_2018/ECE_5930_Reconfigurable_Computing/DE10-Lite_v.2.0.2_SystemCD (1)/Tools/SystemBuilder/CodeGenerated/DE10_LITE/VGA/sync.vhd Line: 45
Info (286030): Timing-Driven Synthesis is running
Info (16010): Generating hard_block partition "hard_block:auto_generated_inst"
    Info (16011): Adding 1 node(s), including 0 DDIO, 1 PLL, 0 transceiver and 0 LCELL
Warning (21074): Design contains 2 input pin(s) that do not drive logic
    Warning (15610): No output dependent on input pin "ADC_CLK_10" File: G:/My Drive/School/Fall_2018/ECE_5930_Reconfigurable_Computing/DE10-Lite_v.2.0.2_SystemCD (1)/Tools/SystemBuilder/CodeGenerated/DE10_LITE/VGA/VGA.vhd Line: 6
    Warning (15610): No output dependent on input pin "MAX10_CLK2_50" File: G:/My Drive/School/Fall_2018/ECE_5930_Reconfigurable_Computing/DE10-Lite_v.2.0.2_SystemCD (1)/Tools/SystemBuilder/CodeGenerated/DE10_LITE/VGA/VGA.vhd Line: 8
Info (21057): Implemented 387 device resources after synthesis - the final resource count might be different
    Info (21058): Implemented 5 input pins
    Info (21059): Implemented 16 output pins
    Info (21061): Implemented 365 logic cells
    Info (21065): Implemented 1 PLLs
Info: Quartus Prime Analysis & Synthesis was successful. 0 errors, 26 warnings
    Info: Peak virtual memory: 4816 megabytes
    Info: Processing ended: Thu Nov 08 00:58:35 2018
    Info: Elapsed time: 00:00:49
    Info: Total CPU time (on all processors): 00:00:30


